2026-02-10T09:20:10Z INF CloudQuery CLI invocation_id=cd802c59-eecd-4744-885b-c3c58274da68 module=cli version=6.34.0
2026-02-10T09:20:10Z INF Loading spec(s) args=["cloudquery_test.yml"] invocation_id=cd802c59-eecd-4744-885b-c3c58274da68 module=cli
2026-02-10T09:20:10Z ERR exiting with error error="failed to load spec(s) from cloudquery_test.yml. Error: failed to unmarshal file cloudquery_test.yml: failed to decode spec: json: unknown field \"destinations\"" invocation_id=cd802c59-eecd-4744-885b-c3c58274da68 module=cli
2026-02-10T09:20:28Z INF CloudQuery CLI invocation_id=a53a61ab-17d4-468d-adc3-33431794b0a0 module=cli version=6.34.0
2026-02-10T09:20:28Z INF Loading spec(s) args=["cloudquery_sync.yml"] invocation_id=a53a61ab-17d4-468d-adc3-33431794b0a0 module=cli
2026-02-10T09:20:28Z ERR exiting with error error="failed to load spec(s) from cloudquery_sync.yml. Error: failed to unmarshal file cloudquery_sync.yml: failed to decode spec: json: unknown field \"sources\"" invocation_id=a53a61ab-17d4-468d-adc3-33431794b0a0 module=cli
2026-02-10T09:48:38Z INF CloudQuery CLI invocation_id=c766efda-81f5-4c8d-9e9f-5dbb15ef7b6d module=cli version=6.34.0
2026-02-10T09:48:38Z INF Loading spec(s) args=["cloudquery_sync.yml"] invocation_id=c766efda-81f5-4c8d-9e9f-5dbb15ef7b6d module=cli
2026-02-10T09:48:38Z ERR exiting with error error="failed to load spec(s) from cloudquery_sync.yml. Error: failed to unmarshal file cloudquery_sync.yml: failed to decode spec: json: unknown field \"sources\"" invocation_id=c766efda-81f5-4c8d-9e9f-5dbb15ef7b6d module=cli
2026-02-10T09:55:24Z INF CloudQuery CLI invocation_id=c8a9ff11-ce62-4fbf-95c6-48b1d1b1d7fa module=cli version=6.34.0
2026-02-10T09:55:24Z INF Loading spec(s) args=["cloudquery_sync.yml","cloudquery_destination.yml"] invocation_id=c8a9ff11-ce62-4fbf-95c6-48b1d1b1d7fa module=cli
2026-02-10T09:55:24Z ERR exiting with error error="failed to load spec(s) from cloudquery_sync.yml, cloudquery_destination.yml. Error: failed to validate source k8s-custom: tables configuration is required. Hint: set the tables you want to sync by adding `tables: [...]` or use `cloudquery tables` to list available tables" invocation_id=c8a9ff11-ce62-4fbf-95c6-48b1d1b1d7fa module=cli
2026-02-10T09:55:40Z INF CloudQuery CLI invocation_id=168ceff1-e143-4600-a465-294ea73b2f24 module=cli version=6.34.0
2026-02-10T09:55:40Z INF Loading spec(s) args=["cloudquery_sync.yml","cloudquery_destination.yml"] invocation_id=168ceff1-e143-4600-a465-294ea73b2f24 module=cli
2026-02-10T09:55:40Z ERR exiting with error error="failed to load spec(s) from cloudquery_sync.yml, cloudquery_destination.yml. Error: failed to validate source k8s-custom: at least one destination is required" invocation_id=168ceff1-e143-4600-a465-294ea73b2f24 module=cli
2026-02-10T09:56:16Z INF CloudQuery CLI invocation_id=fa537cb7-eb66-4688-812c-fd36ba80b589 module=cli version=6.34.0
2026-02-10T09:56:16Z INF Loading spec(s) args=["cloudquery_sync.yml","cloudquery_destination.yml"] invocation_id=fa537cb7-eb66-4688-812c-fd36ba80b589 module=cli
2026-02-10T09:56:16Z ERR exiting with error error="failed to load spec(s) from cloudquery_sync.yml, cloudquery_destination.yml. Error: failed to validate destination postgres: version is required" invocation_id=fa537cb7-eb66-4688-812c-fd36ba80b589 module=cli
2026-02-10T09:56:48Z INF CloudQuery CLI invocation_id=9a5f7337-f874-420b-937e-1ae4c8de4227 module=cli version=6.34.0
2026-02-10T09:56:48Z INF Loading spec(s) args=["cloudquery_sync.yml","cloudquery_destination.yml"] invocation_id=9a5f7337-f874-420b-937e-1ae4c8de4227 module=cli
2026-02-10T09:56:48Z ERR exiting with error error="failed to load spec(s) from cloudquery_sync.yml, cloudquery_destination.yml. Error: failed to validate destination postgres: version must start with v" invocation_id=9a5f7337-f874-420b-937e-1ae4c8de4227 module=cli
2026-02-10T09:58:13Z INF CloudQuery CLI invocation_id=d2e7de58-3742-41f3-9e04-99e91090e562 module=cli version=6.34.0
2026-02-10T09:58:13Z INF Loading spec(s) args=["cloudquery_sync.yml","cloudquery_destination.yml"] invocation_id=d2e7de58-3742-41f3-9e04-99e91090e562 module=cli
2026-02-10T09:58:15Z INF Plugin server listening address=/var/folders/l8/f83v5flx0fv_q88_v0lfxcxr0000gq/T/cq-DXmtIctkPMAGySHN.sock module=k8s-custom- plugin=//k8s-custom@0.0.1
2026-02-10T09:58:15Z INF waiting for source plugin to terminate invocation_id=d2e7de58-3742-41f3-9e04-99e91090e562 module=cli
2026-02-10T09:58:15Z INF Got stop signal. Plugin server shutting down address=/var/folders/l8/f83v5flx0fv_q88_v0lfxcxr0000gq/T/cq-DXmtIctkPMAGySHN.sock module=k8s-custom- signal=interrupt
2026-02-10T09:58:15Z ERR exiting with error error="invalid cloudquery plugin path: postgresql. format should be team/name" invocation_id=d2e7de58-3742-41f3-9e04-99e91090e562 module=cli
2026-02-10T09:58:40Z INF CloudQuery CLI invocation_id=3898a4b9-95a5-4c3b-8322-9c6fdc8b2367 module=cli version=6.34.0
2026-02-10T09:58:40Z INF Loading spec(s) args=["cloudquery_sync.yml","cloudquery_destination.yml"] invocation_id=3898a4b9-95a5-4c3b-8322-9c6fdc8b2367 module=cli
2026-02-10T09:58:41Z WRN Plugin is outdated, consider upgrading to the latest version. invocation_id=3898a4b9-95a5-4c3b-8322-9c6fdc8b2367 latest_version=8.14.0 module=cli plugin=postgresql url=https://hub.cloudquery.io/plugins/destination/cloudquery/postgresql using_version=5.10.0
2026-02-10T09:58:41Z INF Plugin server listening address=/var/folders/l8/f83v5flx0fv_q88_v0lfxcxr0000gq/T/cq-yqoVLdBUzePUXsum.sock module=k8s-custom- plugin=//k8s-custom@0.0.1
2026-02-10T09:58:43Z ERR failed to validate docker plugin, falling back to download from hub or using cached plugin error="version v5.10.0 does not exist, consider using the latest version at https://hub.cloudquery.io/plugins/destination/cloudquery/postgresql/v8.14.0" invocation_id=3898a4b9-95a5-4c3b-8322-9c6fdc8b2367 module=cli
2026-02-10T09:58:44Z INF waiting for source plugin to terminate invocation_id=3898a4b9-95a5-4c3b-8322-9c6fdc8b2367 module=cli
2026-02-10T09:58:44Z INF Got stop signal. Plugin server shutting down address=/var/folders/l8/f83v5flx0fv_q88_v0lfxcxr0000gq/T/cq-yqoVLdBUzePUXsum.sock module=k8s-custom- signal=interrupt
2026-02-10T09:58:44Z ERR exiting with error error="version v5.10.0 does not exist, consider using the latest version at https://hub.cloudquery.io/plugins/destination/cloudquery/postgresql/v8.14.0" invocation_id=3898a4b9-95a5-4c3b-8322-9c6fdc8b2367 module=cli
2026-02-10T09:58:57Z INF CloudQuery CLI invocation_id=46d9cad3-477d-4153-b819-7bb3e07717f9 module=cli version=6.34.0
2026-02-10T09:58:57Z INF Loading spec(s) args=["cloudquery_sync.yml","cloudquery_destination.yml"] invocation_id=46d9cad3-477d-4153-b819-7bb3e07717f9 module=cli
2026-02-10T09:58:58Z INF Plugin server listening address=/var/folders/l8/f83v5flx0fv_q88_v0lfxcxr0000gq/T/cq-OpRwfdvzuhcQSzfb.sock module=k8s-custom- plugin=//k8s-custom@0.0.1
2026-02-10T09:59:04Z INF Plugin server listening address=/var/folders/l8/f83v5flx0fv_q88_v0lfxcxr0000gq/T/cq-kGSMGsaAbMLSEjLo.sock module=postgresql-destination plugin=cloudquery/destination/postgresql@v8.14.0
2026-02-10T09:59:05Z INF started call grpc.component=server grpc.method=GetVersions grpc.method_type=unary grpc.service=cloudquery.discovery.v1.Discovery grpc.start_time=2026-02-10T15:29:05+05:30 grpc.time_ms=2.048 module=k8s-custom- peer.address= protocol=grpc
2026-02-10T09:59:05Z INF finished call grpc.code=OK grpc.component=server grpc.method=GetVersions grpc.method_type=unary grpc.service=cloudquery.discovery.v1.Discovery grpc.start_time=2026-02-10T15:29:05+05:30 grpc.time_ms=2.424 module=k8s-custom- peer.address= protocol=grpc
2026-02-10T09:59:05Z INF started call grpc.component=server grpc.method=GetVersions grpc.method_type=unary grpc.service=cloudquery.discovery.v1.Discovery grpc.start_time=2026-02-10T15:29:05+05:30 grpc.time_ms=1.101 module=postgresql-destination peer.address= protocol=grpc
2026-02-10T09:59:05Z INF finished call grpc.code=OK grpc.component=server grpc.method=GetVersions grpc.method_type=unary grpc.service=cloudquery.discovery.v1.Discovery grpc.start_time=2026-02-10T15:29:05+05:30 grpc.time_ms=1.148 module=postgresql-destination peer.address= protocol=grpc
2026-02-10T09:59:05Z INF Start sync destinations=["postgres (cloudquery/postgresql@v8.14.0)"] invocation_id=46d9cad3-477d-4153-b819-7bb3e07717f9 module=cli source="k8s-custom (local@./bin/plugin)" sync_time=2026-02-10T09:59:05Z transformers=[]
2026-02-10T09:59:05Z INF started call grpc.component=server grpc.method=Init grpc.method_type=unary grpc.service=cloudquery.plugin.v3.Plugin grpc.start_time=2026-02-10T15:29:05+05:30 grpc.time_ms=0.021 module=postgresql-destination peer.address= protocol=grpc
2026-02-10T09:59:05Z INF Initializing postgresql destination invocation_id=46d9cad3-477d-4153-b819-7bb3e07717f9 module=pg-dest pgx_log_level=error
2026-02-10T09:59:05Z INF finished call grpc.code=OK grpc.component=server grpc.method=Init grpc.method_type=unary grpc.service=cloudquery.plugin.v3.Plugin grpc.start_time=2026-02-10T15:29:05+05:30 grpc.time_ms=21.52 module=postgresql-destination peer.address= protocol=grpc
2026-02-10T09:59:05Z INF started call grpc.component=server grpc.method=Init grpc.method_type=unary grpc.service=cloudquery.plugin.v3.Plugin grpc.start_time=2026-02-10T15:29:05+05:30 grpc.time_ms=0.008 module=k8s-custom- peer.address= protocol=grpc
2026-02-10T09:59:05Z ERR finished call grpc.code=Internal grpc.component=server grpc.error="rpc error: code = Internal desc = failed to init plugin: failed to initialize client: json: cannot unmarshal string into Go value of type plugin.Config" grpc.method=Init grpc.method_type=unary grpc.service=cloudquery.plugin.v3.Plugin grpc.start_time=2026-02-10T15:29:05+05:30 grpc.time_ms=0.238 module=k8s-custom- peer.address= protocol=grpc
2026-02-10T09:59:05Z INF End sync destinations=["postgres (cloudquery/postgresql@v8.14.0)"] invocation_id=46d9cad3-477d-4153-b819-7bb3e07717f9 module=cli source="k8s-custom (local@./bin/plugin)" sync_time=2026-02-10T09:59:05Z transformers=[]
2026-02-10T09:59:05Z INF Sending sync summary to analyticsv1.cloudquery.io:443 invocation_id=46d9cad3-477d-4153-b819-7bb3e07717f9 module=cli
2026-02-10T09:59:06Z INF waiting for destination plugin to terminate invocation_id=46d9cad3-477d-4153-b819-7bb3e07717f9 module=cli
2026-02-10T09:59:06Z INF Got stop signal. Plugin server shutting down address=/var/folders/l8/f83v5flx0fv_q88_v0lfxcxr0000gq/T/cq-kGSMGsaAbMLSEjLo.sock module=postgresql-destination signal=interrupt
2026-02-10T09:59:06Z INF waiting for source plugin to terminate invocation_id=46d9cad3-477d-4153-b819-7bb3e07717f9 module=cli
2026-02-10T09:59:06Z INF Got stop signal. Plugin server shutting down address=/var/folders/l8/f83v5flx0fv_q88_v0lfxcxr0000gq/T/cq-OpRwfdvzuhcQSzfb.sock module=k8s-custom- signal=interrupt
2026-02-10T09:59:06Z ERR exiting with error error="failed to sync v3 source k8s-custom: failed to init source k8s-custom: rpc error: code = Internal desc = failed to init plugin: failed to initialize client: json: cannot unmarshal string into Go value of type plugin.Config" invocation_id=46d9cad3-477d-4153-b819-7bb3e07717f9 module=cli
2026-02-10T10:00:10Z INF CloudQuery CLI invocation_id=1c7ef50b-bd6f-474c-8f22-1ad8b3a0a985 module=cli version=6.34.0
2026-02-10T10:00:10Z INF Loading spec(s) args=["cloudquery_sync.yml","cloudquery_destination.yml"] invocation_id=1c7ef50b-bd6f-474c-8f22-1ad8b3a0a985 module=cli
2026-02-10T10:00:11Z INF Plugin server listening address=/var/folders/l8/f83v5flx0fv_q88_v0lfxcxr0000gq/T/cq-GwtmhImnOBiRkGdi.sock module=k8s-custom- plugin=//k8s-custom@0.0.1
2026-02-10T10:00:12Z INF Plugin server listening address=/var/folders/l8/f83v5flx0fv_q88_v0lfxcxr0000gq/T/cq-sYbMfQIUGcXIWINO.sock module=postgresql-destination plugin=cloudquery/destination/postgresql@v8.14.0
2026-02-10T10:00:13Z INF started call grpc.component=server grpc.method=GetVersions grpc.method_type=unary grpc.service=cloudquery.discovery.v1.Discovery grpc.start_time=2026-02-10T15:30:13+05:30 grpc.time_ms=2.886 module=k8s-custom- peer.address= protocol=grpc
2026-02-10T10:00:13Z INF finished call grpc.code=OK grpc.component=server grpc.method=GetVersions grpc.method_type=unary grpc.service=cloudquery.discovery.v1.Discovery grpc.start_time=2026-02-10T15:30:13+05:30 grpc.time_ms=3.151 module=k8s-custom- peer.address= protocol=grpc
2026-02-10T10:00:13Z INF started call grpc.component=server grpc.method=GetVersions grpc.method_type=unary grpc.service=cloudquery.discovery.v1.Discovery grpc.start_time=2026-02-10T15:30:13+05:30 grpc.time_ms=2.198 module=postgresql-destination peer.address= protocol=grpc
2026-02-10T10:00:13Z INF finished call grpc.code=OK grpc.component=server grpc.method=GetVersions grpc.method_type=unary grpc.service=cloudquery.discovery.v1.Discovery grpc.start_time=2026-02-10T15:30:13+05:30 grpc.time_ms=2.422 module=postgresql-destination peer.address= protocol=grpc
2026-02-10T10:00:14Z INF Start sync destinations=["postgres (cloudquery/postgresql@v8.14.0)"] invocation_id=1c7ef50b-bd6f-474c-8f22-1ad8b3a0a985 module=cli source="k8s-custom (local@./bin/plugin)" sync_time=2026-02-10T10:00:14Z transformers=[]
2026-02-10T10:00:14Z INF started call grpc.component=server grpc.method=Init grpc.method_type=unary grpc.service=cloudquery.plugin.v3.Plugin grpc.start_time=2026-02-10T15:30:14+05:30 grpc.time_ms=0.008 module=postgresql-destination peer.address= protocol=grpc
2026-02-10T10:00:14Z INF Initializing postgresql destination invocation_id=1c7ef50b-bd6f-474c-8f22-1ad8b3a0a985 module=pg-dest pgx_log_level=error
2026-02-10T10:00:14Z INF finished call grpc.code=OK grpc.component=server grpc.method=Init grpc.method_type=unary grpc.service=cloudquery.plugin.v3.Plugin grpc.start_time=2026-02-10T15:30:14+05:30 grpc.time_ms=21.697 module=postgresql-destination peer.address= protocol=grpc
2026-02-10T10:00:14Z INF started call grpc.component=server grpc.method=Init grpc.method_type=unary grpc.service=cloudquery.plugin.v3.Plugin grpc.start_time=2026-02-10T15:30:14+05:30 grpc.time_ms=0.007 module=k8s-custom- peer.address= protocol=grpc
2026-02-10T10:00:14Z ERR finished call grpc.code=Internal grpc.component=server grpc.error="rpc error: code = Internal desc = failed to init plugin: failed to initialize client: json: cannot unmarshal string into Go value of type plugin.Config" grpc.method=Init grpc.method_type=unary grpc.service=cloudquery.plugin.v3.Plugin grpc.start_time=2026-02-10T15:30:14+05:30 grpc.time_ms=0.066 module=k8s-custom- peer.address= protocol=grpc
2026-02-10T10:00:14Z INF End sync destinations=["postgres (cloudquery/postgresql@v8.14.0)"] invocation_id=1c7ef50b-bd6f-474c-8f22-1ad8b3a0a985 module=cli source="k8s-custom (local@./bin/plugin)" sync_time=2026-02-10T10:00:14Z transformers=[]
2026-02-10T10:00:14Z INF Sending sync summary to analyticsv1.cloudquery.io:443 invocation_id=1c7ef50b-bd6f-474c-8f22-1ad8b3a0a985 module=cli
2026-02-10T10:00:14Z INF waiting for destination plugin to terminate invocation_id=1c7ef50b-bd6f-474c-8f22-1ad8b3a0a985 module=cli
2026-02-10T10:00:14Z INF Got stop signal. Plugin server shutting down address=/var/folders/l8/f83v5flx0fv_q88_v0lfxcxr0000gq/T/cq-sYbMfQIUGcXIWINO.sock module=postgresql-destination signal=interrupt
2026-02-10T10:00:14Z INF waiting for source plugin to terminate invocation_id=1c7ef50b-bd6f-474c-8f22-1ad8b3a0a985 module=cli
2026-02-10T10:00:14Z INF Got stop signal. Plugin server shutting down address=/var/folders/l8/f83v5flx0fv_q88_v0lfxcxr0000gq/T/cq-GwtmhImnOBiRkGdi.sock module=k8s-custom- signal=interrupt
2026-02-10T10:00:14Z ERR exiting with error error="failed to sync v3 source k8s-custom: failed to init source k8s-custom: rpc error: code = Internal desc = failed to init plugin: failed to initialize client: json: cannot unmarshal string into Go value of type plugin.Config" invocation_id=1c7ef50b-bd6f-474c-8f22-1ad8b3a0a985 module=cli
2026-02-10T10:00:54Z INF CloudQuery CLI invocation_id=6245e269-35f6-4cc7-a9ce-415892fb753b module=cli version=6.34.0
2026-02-10T10:00:54Z INF Loading spec(s) args=["cloudquery_sync.yml","cloudquery_destination.yml"] invocation_id=6245e269-35f6-4cc7-a9ce-415892fb753b module=cli
2026-02-10T10:00:54Z ERR exiting with error error="failed to load spec(s) from cloudquery_sync.yml, cloudquery_destination.yml. Error: failed to unmarshal file cloudquery_sync.yml: failed to decode spec: json: unknown field \"contexts\"" invocation_id=6245e269-35f6-4cc7-a9ce-415892fb753b module=cli
2026-02-10T10:02:20Z INF CloudQuery CLI invocation_id=6b6eda84-91df-4688-8dff-a0ef75b2f9f4 module=cli version=6.34.0
2026-02-10T10:02:20Z INF Loading spec(s) args=["cloudquery_sync.yml","cloudquery_destination.yml"] invocation_id=6b6eda84-91df-4688-8dff-a0ef75b2f9f4 module=cli
2026-02-10T10:02:22Z INF Plugin server listening address=/var/folders/l8/f83v5flx0fv_q88_v0lfxcxr0000gq/T/cq-ITHkFhJxtfvvZVcF.sock module=k8s-custom- plugin=//k8s-custom@0.0.1
2026-02-10T10:02:24Z INF Plugin server listening address=/var/folders/l8/f83v5flx0fv_q88_v0lfxcxr0000gq/T/cq-XGnBfZFkcVVwnnRA.sock module=postgresql-destination plugin=cloudquery/destination/postgresql@v8.14.0
2026-02-10T10:02:25Z INF started call grpc.component=server grpc.method=GetVersions grpc.method_type=unary grpc.service=cloudquery.discovery.v1.Discovery grpc.start_time=2026-02-10T15:32:25+05:30 grpc.time_ms=2.052 module=k8s-custom- peer.address= protocol=grpc
2026-02-10T10:02:25Z INF finished call grpc.code=OK grpc.component=server grpc.method=GetVersions grpc.method_type=unary grpc.service=cloudquery.discovery.v1.Discovery grpc.start_time=2026-02-10T15:32:25+05:30 grpc.time_ms=2.095 module=k8s-custom- peer.address= protocol=grpc
2026-02-10T10:02:25Z INF started call grpc.component=server grpc.method=GetVersions grpc.method_type=unary grpc.service=cloudquery.discovery.v1.Discovery grpc.start_time=2026-02-10T15:32:25+05:30 grpc.time_ms=1.92 module=postgresql-destination peer.address= protocol=grpc
2026-02-10T10:02:25Z INF finished call grpc.code=OK grpc.component=server grpc.method=GetVersions grpc.method_type=unary grpc.service=cloudquery.discovery.v1.Discovery grpc.start_time=2026-02-10T15:32:25+05:30 grpc.time_ms=1.948 module=postgresql-destination peer.address= protocol=grpc
2026-02-10T10:02:25Z INF Start sync destinations=["postgres (cloudquery/postgresql@v8.14.0)"] invocation_id=6b6eda84-91df-4688-8dff-a0ef75b2f9f4 module=cli source="k8s-custom (local@./bin/plugin)" sync_time=2026-02-10T10:02:25Z transformers=[]
2026-02-10T10:02:25Z INF started call grpc.component=server grpc.method=Init grpc.method_type=unary grpc.service=cloudquery.plugin.v3.Plugin grpc.start_time=2026-02-10T15:32:25+05:30 grpc.time_ms=0.021 module=postgresql-destination peer.address= protocol=grpc
2026-02-10T10:02:25Z INF Initializing postgresql destination invocation_id=6b6eda84-91df-4688-8dff-a0ef75b2f9f4 module=pg-dest pgx_log_level=error
2026-02-10T10:02:25Z INF finished call grpc.code=OK grpc.component=server grpc.method=Init grpc.method_type=unary grpc.service=cloudquery.plugin.v3.Plugin grpc.start_time=2026-02-10T15:32:25+05:30 grpc.time_ms=24.353 module=postgresql-destination peer.address= protocol=grpc
2026-02-10T10:02:25Z INF started call grpc.component=server grpc.method=Init grpc.method_type=unary grpc.service=cloudquery.plugin.v3.Plugin grpc.start_time=2026-02-10T15:32:25+05:30 grpc.time_ms=0.005 module=k8s-custom- peer.address= protocol=grpc
2026-02-10T10:02:25Z INF finished call grpc.code=OK grpc.component=server grpc.method=Init grpc.method_type=unary grpc.service=cloudquery.plugin.v3.Plugin grpc.start_time=2026-02-10T15:32:25+05:30 grpc.time_ms=12.275 module=k8s-custom- peer.address= protocol=grpc
2026-02-10T10:02:25Z INF Start fetching resources destinations=["postgres (cloudquery/postgresql@v8.14.0)"] invocation_id=6b6eda84-91df-4688-8dff-a0ef75b2f9f4 module=cli source="k8s-custom (local@./bin/plugin)"
2026-02-10T10:02:25Z INF started call grpc.component=server grpc.method=Sync grpc.method_type=server_stream grpc.service=cloudquery.plugin.v3.Plugin grpc.start_time=2026-02-10T15:32:25+05:30 grpc.time_ms=0.144 module=k8s-custom- peer.address= protocol=grpc
2026-02-10T10:02:25Z INF started call grpc.component=server grpc.method=Write grpc.method_type=client_stream grpc.service=cloudquery.plugin.v3.Plugin grpc.start_time=2026-02-10T15:32:25+05:30 grpc.time_ms=1.282 module=postgresql-destination peer.address= protocol=grpc
2026-02-10T10:02:26Z INF finished call grpc.code=OK grpc.component=server grpc.method=Sync grpc.method_type=server_stream grpc.service=cloudquery.plugin.v3.Plugin grpc.start_time=2026-02-10T15:32:25+05:30 grpc.time_ms=99.777 module=k8s-custom- peer.address= protocol=grpc
2026-02-10T10:02:26Z INF Sync summary invocation_id=6b6eda84-91df-4688-8dff-a0ef75b2f9f4 module=cli summary={"cli_version":"6.34.0","destination_errors":0,"destination_name":"postgres","destination_path":"cloudquery/postgresql","destination_version":"v8.14.0","destination_warnings":0,"durations_per_table_ms":{"k8s_clusters":0,"k8s_custom_resources":0,"k8s_deployments":0,"k8s_namespaces":0,"k8s_pods":0,"k8s_services":0},"errors_per_table":{"k8s_clusters":0,"k8s_custom_resources":0,"k8s_deployments":0,"k8s_namespaces":0,"k8s_pods":0,"k8s_services":0},"resources":0,"resources_per_table":{"k8s_clusters":0,"k8s_custom_resources":0,"k8s_deployments":0,"k8s_namespaces":0,"k8s_pods":0,"k8s_services":0},"source_errors":0,"source_name":"k8s-custom","source_path":"./bin/plugin","source_tables":["k8s_clusters","k8s_custom_resources","k8s_deployments","k8s_namespaces","k8s_pods","k8s_services"],"source_version":"","source_warnings":0,"sync_duration_ms":1040,"sync_id":"6b6eda84-91df-4688-8dff-a0ef75b2f9f4","sync_time":"2026-02-10T10:02:25.905459Z"}
2026-02-10T10:02:26Z INF finished call grpc.code=Canceled grpc.component=server grpc.error="rpc error: code = Canceled desc = plugin returned error: \nCan't migrate tables automatically, migrate manually or consider using 'migrate_mode: forced'. Non auto migratable tables changes:\n\nk8s_clusters:\n  - Column \"_cq_source_name\" added with type \"utf8\"\n  - Column \"_cq_sync_time\" added with type \"timestamp[us, tz=UTC]\"\n  - Not null constraint removed from column \"cluster_name\"\n  - Type changed from \"int32\" to \"int64\" for column \"node_count\"\n  - Type changed from \"timestamp[us, tz=UTC]\" to \"utf8\" for column \"created_at\"\n  - Type changed from \"timestamp[us, tz=UTC]\" to \"utf8\" for column \"synced_at\"\n  - Type changed from \"timestamp[us, tz=UTC]\" to \"utf8\" for column \"updated_at\"\n\nk8s_deployments:\n  - Column \"_cq_source_name\" added with type \"utf8\"\n  - Column \"_cq_sync_time\" added with type \"timestamp[us, tz=UTC]\"\n  - Column \"id\" added with type \"uuid\" and primary key constraint\n  - Not null constraint removed from column \"name\"\n  - Not null constraint removed from column \"namespace\"\n  - Primary key column \"context_name\" removed\n  - Primary key column \"uid\" removed\n  - Type changed from \"int32\" to \"utf8\" for column \"ready\"\n  - Type changed from \"int32\" to \"utf8\" for column \"replicas\"\n  - Type changed from \"timestamp[us, tz=UTC]\" to \"utf8\" for column \"created_at\"\n\nk8s_namespaces:\n  - Column \"_cq_source_name\" added with type \"utf8\"\n  - Column \"_cq_sync_time\" added with type \"timestamp[us, tz=UTC]\"\n  - Column \"id\" added with type \"uuid\" and primary key constraint\n  - Not null constraint removed from column \"created_at\"\n  - Not null constraint removed from column \"name\"\n  - Not null constraint removed from column \"status\"\n  - Primary key column \"context_name\" removed\n  - Primary key column \"uid\" removed\n\nk8s_pods:\n  - Column \"_cq_source_name\" added with type \"utf8\"\n  - Column \"_cq_sync_time\" added with type \"timestamp[us, tz=UTC]\"\n  - Column \"id\" added with type \"uuid\" and primary key constraint\n  - Not null constraint removed from column \"name\"\n  - Not null constraint removed from column \"namespace\"\n  - Not null constraint removed from column \"status\"\n  - Primary key column \"context_name\" removed\n  - Primary key column \"uid\" removed\n  - Type changed from \"timestamp[us, tz=UTC]\" to \"utf8\" for column \"created_at\"\n\nk8s_services:\n  - Column \"_cq_source_name\" added with type \"utf8\"\n  - Column \"_cq_sync_time\" added with type \"timestamp[us, tz=UTC]\"\n  - Column \"id\" added with type \"uuid\" and primary key constraint\n  - Not null constraint removed from column \"cluster_ip\"\n  - Not null constraint removed from column \"name\"\n  - Not null constraint removed from column \"namespace\"\n  - Not null constraint removed from column \"type\"\n  - Primary key column \"context_name\" removed\n  - Primary key column \"uid\" removed\n  - Type changed from \"timestamp[us, tz=UTC]\" to \"utf8\" for column \"created_at\"" grpc.method=Write grpc.method_type=client_stream grpc.service=cloudquery.plugin.v3.Plugin grpc.start_time=2026-02-10T15:32:25+05:30 grpc.time_ms=1022.815 module=postgresql-destination peer.address= protocol=grpc
2026-02-10T10:02:26Z INF End sync destinations=["postgres (cloudquery/postgresql@v8.14.0)"] invocation_id=6b6eda84-91df-4688-8dff-a0ef75b2f9f4 module=cli source="k8s-custom (local@./bin/plugin)" sync_time=2026-02-10T10:02:25Z transformers=[]
2026-02-10T10:02:26Z INF Sending sync summary to analyticsv1.cloudquery.io:443 invocation_id=6b6eda84-91df-4688-8dff-a0ef75b2f9f4 module=cli
2026-02-10T10:02:27Z INF waiting for destination plugin to terminate invocation_id=6b6eda84-91df-4688-8dff-a0ef75b2f9f4 module=cli
2026-02-10T10:02:27Z INF Got stop signal. Plugin server shutting down address=/var/folders/l8/f83v5flx0fv_q88_v0lfxcxr0000gq/T/cq-XGnBfZFkcVVwnnRA.sock module=postgresql-destination signal=interrupt
2026-02-10T10:02:27Z INF waiting for source plugin to terminate invocation_id=6b6eda84-91df-4688-8dff-a0ef75b2f9f4 module=cli
2026-02-10T10:02:27Z INF Got stop signal. Plugin server shutting down address=/var/folders/l8/f83v5flx0fv_q88_v0lfxcxr0000gq/T/cq-ITHkFhJxtfvvZVcF.sock module=k8s-custom- signal=interrupt
2026-02-10T10:02:27Z ERR exiting with error error="failed to sync v3 source k8s-custom: rpc error: code = Canceled desc = plugin returned error: \nCan't migrate tables automatically, migrate manually or consider using 'migrate_mode: forced'. Non auto migratable tables changes:\n\nk8s_clusters:\n  - Column \"_cq_source_name\" added with type \"utf8\"\n  - Column \"_cq_sync_time\" added with type \"timestamp[us, tz=UTC]\"\n  - Not null constraint removed from column \"cluster_name\"\n  - Type changed from \"int32\" to \"int64\" for column \"node_count\"\n  - Type changed from \"timestamp[us, tz=UTC]\" to \"utf8\" for column \"created_at\"\n  - Type changed from \"timestamp[us, tz=UTC]\" to \"utf8\" for column \"synced_at\"\n  - Type changed from \"timestamp[us, tz=UTC]\" to \"utf8\" for column \"updated_at\"\n\nk8s_deployments:\n  - Column \"_cq_source_name\" added with type \"utf8\"\n  - Column \"_cq_sync_time\" added with type \"timestamp[us, tz=UTC]\"\n  - Column \"id\" added with type \"uuid\" and primary key constraint\n  - Not null constraint removed from column \"name\"\n  - Not null constraint removed from column \"namespace\"\n  - Primary key column \"context_name\" removed\n  - Primary key column \"uid\" removed\n  - Type changed from \"int32\" to \"utf8\" for column \"ready\"\n  - Type changed from \"int32\" to \"utf8\" for column \"replicas\"\n  - Type changed from \"timestamp[us, tz=UTC]\" to \"utf8\" for column \"created_at\"\n\nk8s_namespaces:\n  - Column \"_cq_source_name\" added with type \"utf8\"\n  - Column \"_cq_sync_time\" added with type \"timestamp[us, tz=UTC]\"\n  - Column \"id\" added with type \"uuid\" and primary key constraint\n  - Not null constraint removed from column \"created_at\"\n  - Not null constraint removed from column \"name\"\n  - Not null constraint removed from column \"status\"\n  - Primary key column \"context_name\" removed\n  - Primary key column \"uid\" removed\n\nk8s_pods:\n  - Column \"_cq_source_name\" added with type \"utf8\"\n  - Column \"_cq_sync_time\" added with type \"timestamp[us, tz=UTC]\"\n  - Column \"id\" added with type \"uuid\" and primary key constraint\n  - Not null constraint removed from column \"name\"\n  - Not null constraint removed from column \"namespace\"\n  - Not null constraint removed from column \"status\"\n  - Primary key column \"context_name\" removed\n  - Primary key column \"uid\" removed\n  - Type changed from \"timestamp[us, tz=UTC]\" to \"utf8\" for column \"created_at\"\n\nk8s_services:\n  - Column \"_cq_source_name\" added with type \"utf8\"\n  - Column \"_cq_sync_time\" added with type \"timestamp[us, tz=UTC]\"\n  - Column \"id\" added with type \"uuid\" and primary key constraint\n  - Not null constraint removed from column \"cluster_ip\"\n  - Not null constraint removed from column \"name\"\n  - Not null constraint removed from column \"namespace\"\n  - Not null constraint removed from column \"type\"\n  - Primary key column \"context_name\" removed\n  - Primary key column \"uid\" removed\n  - Type changed from \"timestamp[us, tz=UTC]\" to \"utf8\" for column \"created_at\"" invocation_id=6b6eda84-91df-4688-8dff-a0ef75b2f9f4 module=cli
2026-02-10T10:02:54Z INF CloudQuery CLI invocation_id=dc3521d7-ec4a-48eb-b268-2534abf0d331 module=cli version=6.34.0
2026-02-10T10:02:54Z INF Loading spec(s) args=["cloudquery_sync.yml","cloudquery_destination.yml"] invocation_id=dc3521d7-ec4a-48eb-b268-2534abf0d331 module=cli
2026-02-10T10:02:55Z INF Plugin server listening address=/var/folders/l8/f83v5flx0fv_q88_v0lfxcxr0000gq/T/cq-ZUVFxLKaUOXyAcSR.sock module=k8s-custom- plugin=//k8s-custom@0.0.1
2026-02-10T10:02:56Z INF Plugin server listening address=/var/folders/l8/f83v5flx0fv_q88_v0lfxcxr0000gq/T/cq-MtBorWbFUcsfdiLw.sock module=postgresql-destination plugin=cloudquery/destination/postgresql@v8.14.0
2026-02-10T10:02:57Z INF started call grpc.component=server grpc.method=GetVersions grpc.method_type=unary grpc.service=cloudquery.discovery.v1.Discovery grpc.start_time=2026-02-10T15:32:57+05:30 grpc.time_ms=1.538 module=k8s-custom- peer.address= protocol=grpc
2026-02-10T10:02:57Z INF finished call grpc.code=OK grpc.component=server grpc.method=GetVersions grpc.method_type=unary grpc.service=cloudquery.discovery.v1.Discovery grpc.start_time=2026-02-10T15:32:57+05:30 grpc.time_ms=1.968 module=k8s-custom- peer.address= protocol=grpc
2026-02-10T10:02:57Z INF started call grpc.component=server grpc.method=GetVersions grpc.method_type=unary grpc.service=cloudquery.discovery.v1.Discovery grpc.start_time=2026-02-10T15:32:57+05:30 grpc.time_ms=1.631 module=postgresql-destination peer.address= protocol=grpc
2026-02-10T10:02:57Z INF finished call grpc.code=OK grpc.component=server grpc.method=GetVersions grpc.method_type=unary grpc.service=cloudquery.discovery.v1.Discovery grpc.start_time=2026-02-10T15:32:57+05:30 grpc.time_ms=1.932 module=postgresql-destination peer.address= protocol=grpc
2026-02-10T10:02:58Z INF Start sync destinations=["postgres (cloudquery/postgresql@v8.14.0)"] invocation_id=dc3521d7-ec4a-48eb-b268-2534abf0d331 module=cli source="k8s-custom (local@./bin/plugin)" sync_time=2026-02-10T10:02:58Z transformers=[]
2026-02-10T10:02:58Z INF started call grpc.component=server grpc.method=Init grpc.method_type=unary grpc.service=cloudquery.plugin.v3.Plugin grpc.start_time=2026-02-10T15:32:58+05:30 grpc.time_ms=0.012 module=postgresql-destination peer.address= protocol=grpc
2026-02-10T10:02:58Z INF Initializing postgresql destination invocation_id=dc3521d7-ec4a-48eb-b268-2534abf0d331 module=pg-dest pgx_log_level=error
2026-02-10T10:02:58Z INF finished call grpc.code=OK grpc.component=server grpc.method=Init grpc.method_type=unary grpc.service=cloudquery.plugin.v3.Plugin grpc.start_time=2026-02-10T15:32:58+05:30 grpc.time_ms=26.74 module=postgresql-destination peer.address= protocol=grpc
2026-02-10T10:02:58Z INF started call grpc.component=server grpc.method=Init grpc.method_type=unary grpc.service=cloudquery.plugin.v3.Plugin grpc.start_time=2026-02-10T15:32:58+05:30 grpc.time_ms=0.007 module=k8s-custom- peer.address= protocol=grpc
2026-02-10T10:02:58Z INF finished call grpc.code=OK grpc.component=server grpc.method=Init grpc.method_type=unary grpc.service=cloudquery.plugin.v3.Plugin grpc.start_time=2026-02-10T15:32:58+05:30 grpc.time_ms=15.75 module=k8s-custom- peer.address= protocol=grpc
2026-02-10T10:02:58Z INF Start fetching resources destinations=["postgres (cloudquery/postgresql@v8.14.0)"] invocation_id=dc3521d7-ec4a-48eb-b268-2534abf0d331 module=cli source="k8s-custom (local@./bin/plugin)"
2026-02-10T10:02:58Z INF started call grpc.component=server grpc.method=Sync grpc.method_type=server_stream grpc.service=cloudquery.plugin.v3.Plugin grpc.start_time=2026-02-10T15:32:58+05:30 grpc.time_ms=0.889 module=k8s-custom- peer.address= protocol=grpc
2026-02-10T10:02:58Z INF started call grpc.component=server grpc.method=Write grpc.method_type=client_stream grpc.service=cloudquery.plugin.v3.Plugin grpc.start_time=2026-02-10T15:32:58+05:30 grpc.time_ms=3.28 module=postgresql-destination peer.address= protocol=grpc
2026-02-10T10:02:58Z INF finished call grpc.code=OK grpc.component=server grpc.method=Sync grpc.method_type=server_stream grpc.service=cloudquery.plugin.v3.Plugin grpc.start_time=2026-02-10T15:32:58+05:30 grpc.time_ms=112.148 module=k8s-custom- peer.address= protocol=grpc
2026-02-10T10:02:59Z INF Sync summary invocation_id=dc3521d7-ec4a-48eb-b268-2534abf0d331 module=cli summary={"cli_version":"6.34.0","destination_errors":0,"destination_name":"postgres","destination_path":"cloudquery/postgresql","destination_version":"v8.14.0","destination_warnings":0,"durations_per_table_ms":{"k8s_clusters":0,"k8s_custom_resources":0,"k8s_deployments":0,"k8s_namespaces":0,"k8s_pods":0,"k8s_services":0},"errors_per_table":{"k8s_clusters":0,"k8s_custom_resources":0,"k8s_deployments":0,"k8s_namespaces":0,"k8s_pods":0,"k8s_services":0},"resources":0,"resources_per_table":{"k8s_clusters":0,"k8s_custom_resources":0,"k8s_deployments":0,"k8s_namespaces":0,"k8s_pods":0,"k8s_services":0},"source_errors":0,"source_name":"k8s-custom","source_path":"./bin/plugin","source_tables":["k8s_clusters","k8s_custom_resources","k8s_deployments","k8s_namespaces","k8s_pods","k8s_services"],"source_version":"","source_warnings":0,"sync_duration_ms":1046,"sync_id":"dc3521d7-ec4a-48eb-b268-2534abf0d331","sync_time":"2026-02-10T10:02:58.407771Z"}
2026-02-10T10:02:59Z INF finished call grpc.code=Canceled grpc.component=server grpc.error="rpc error: code = Canceled desc = plugin returned error: \nCan't migrate tables automatically, migrate manually or consider using 'migrate_mode: forced'. Non auto migratable tables changes:\n\nk8s_clusters:\n  - Column \"_cq_source_name\" added with type \"utf8\"\n  - Column \"_cq_sync_time\" added with type \"timestamp[us, tz=UTC]\"\n  - Not null constraint removed from column \"cluster_name\"\n  - Type changed from \"int32\" to \"int64\" for column \"node_count\"\n  - Type changed from \"timestamp[us, tz=UTC]\" to \"utf8\" for column \"created_at\"\n  - Type changed from \"timestamp[us, tz=UTC]\" to \"utf8\" for column \"synced_at\"\n  - Type changed from \"timestamp[us, tz=UTC]\" to \"utf8\" for column \"updated_at\"\n\nk8s_deployments:\n  - Column \"_cq_source_name\" added with type \"utf8\"\n  - Column \"_cq_sync_time\" added with type \"timestamp[us, tz=UTC]\"\n  - Column \"id\" added with type \"uuid\" and primary key constraint\n  - Not null constraint removed from column \"name\"\n  - Not null constraint removed from column \"namespace\"\n  - Primary key column \"context_name\" removed\n  - Primary key column \"uid\" removed\n  - Type changed from \"int32\" to \"utf8\" for column \"ready\"\n  - Type changed from \"int32\" to \"utf8\" for column \"replicas\"\n  - Type changed from \"timestamp[us, tz=UTC]\" to \"utf8\" for column \"created_at\"\n\nk8s_namespaces:\n  - Column \"_cq_source_name\" added with type \"utf8\"\n  - Column \"_cq_sync_time\" added with type \"timestamp[us, tz=UTC]\"\n  - Column \"id\" added with type \"uuid\" and primary key constraint\n  - Not null constraint removed from column \"created_at\"\n  - Not null constraint removed from column \"name\"\n  - Not null constraint removed from column \"status\"\n  - Primary key column \"context_name\" removed\n  - Primary key column \"uid\" removed\n\nk8s_pods:\n  - Column \"_cq_source_name\" added with type \"utf8\"\n  - Column \"_cq_sync_time\" added with type \"timestamp[us, tz=UTC]\"\n  - Column \"id\" added with type \"uuid\" and primary key constraint\n  - Not null constraint removed from column \"name\"\n  - Not null constraint removed from column \"namespace\"\n  - Not null constraint removed from column \"status\"\n  - Primary key column \"context_name\" removed\n  - Primary key column \"uid\" removed\n  - Type changed from \"timestamp[us, tz=UTC]\" to \"utf8\" for column \"created_at\"\n\nk8s_services:\n  - Column \"_cq_source_name\" added with type \"utf8\"\n  - Column \"_cq_sync_time\" added with type \"timestamp[us, tz=UTC]\"\n  - Column \"id\" added with type \"uuid\" and primary key constraint\n  - Not null constraint removed from column \"cluster_ip\"\n  - Not null constraint removed from column \"name\"\n  - Not null constraint removed from column \"namespace\"\n  - Not null constraint removed from column \"type\"\n  - Primary key column \"context_name\" removed\n  - Primary key column \"uid\" removed\n  - Type changed from \"timestamp[us, tz=UTC]\" to \"utf8\" for column \"created_at\"" grpc.method=Write grpc.method_type=client_stream grpc.service=cloudquery.plugin.v3.Plugin grpc.start_time=2026-02-10T15:32:58+05:30 grpc.time_ms=1019.834 module=postgresql-destination peer.address= protocol=grpc
2026-02-10T10:02:59Z INF End sync destinations=["postgres (cloudquery/postgresql@v8.14.0)"] invocation_id=dc3521d7-ec4a-48eb-b268-2534abf0d331 module=cli source="k8s-custom (local@./bin/plugin)" sync_time=2026-02-10T10:02:58Z transformers=[]
2026-02-10T10:02:59Z INF Sending sync summary to analyticsv1.cloudquery.io:443 invocation_id=dc3521d7-ec4a-48eb-b268-2534abf0d331 module=cli
2026-02-10T10:02:59Z INF waiting for destination plugin to terminate invocation_id=dc3521d7-ec4a-48eb-b268-2534abf0d331 module=cli
2026-02-10T10:02:59Z INF Got stop signal. Plugin server shutting down address=/var/folders/l8/f83v5flx0fv_q88_v0lfxcxr0000gq/T/cq-MtBorWbFUcsfdiLw.sock module=postgresql-destination signal=interrupt
2026-02-10T10:02:59Z INF waiting for source plugin to terminate invocation_id=dc3521d7-ec4a-48eb-b268-2534abf0d331 module=cli
2026-02-10T10:02:59Z INF Got stop signal. Plugin server shutting down address=/var/folders/l8/f83v5flx0fv_q88_v0lfxcxr0000gq/T/cq-ZUVFxLKaUOXyAcSR.sock module=k8s-custom- signal=interrupt
2026-02-10T10:03:00Z ERR exiting with error error="failed to sync v3 source k8s-custom: rpc error: code = Canceled desc = plugin returned error: \nCan't migrate tables automatically, migrate manually or consider using 'migrate_mode: forced'. Non auto migratable tables changes:\n\nk8s_clusters:\n  - Column \"_cq_source_name\" added with type \"utf8\"\n  - Column \"_cq_sync_time\" added with type \"timestamp[us, tz=UTC]\"\n  - Not null constraint removed from column \"cluster_name\"\n  - Type changed from \"int32\" to \"int64\" for column \"node_count\"\n  - Type changed from \"timestamp[us, tz=UTC]\" to \"utf8\" for column \"created_at\"\n  - Type changed from \"timestamp[us, tz=UTC]\" to \"utf8\" for column \"synced_at\"\n  - Type changed from \"timestamp[us, tz=UTC]\" to \"utf8\" for column \"updated_at\"\n\nk8s_deployments:\n  - Column \"_cq_source_name\" added with type \"utf8\"\n  - Column \"_cq_sync_time\" added with type \"timestamp[us, tz=UTC]\"\n  - Column \"id\" added with type \"uuid\" and primary key constraint\n  - Not null constraint removed from column \"name\"\n  - Not null constraint removed from column \"namespace\"\n  - Primary key column \"context_name\" removed\n  - Primary key column \"uid\" removed\n  - Type changed from \"int32\" to \"utf8\" for column \"ready\"\n  - Type changed from \"int32\" to \"utf8\" for column \"replicas\"\n  - Type changed from \"timestamp[us, tz=UTC]\" to \"utf8\" for column \"created_at\"\n\nk8s_namespaces:\n  - Column \"_cq_source_name\" added with type \"utf8\"\n  - Column \"_cq_sync_time\" added with type \"timestamp[us, tz=UTC]\"\n  - Column \"id\" added with type \"uuid\" and primary key constraint\n  - Not null constraint removed from column \"created_at\"\n  - Not null constraint removed from column \"name\"\n  - Not null constraint removed from column \"status\"\n  - Primary key column \"context_name\" removed\n  - Primary key column \"uid\" removed\n\nk8s_pods:\n  - Column \"_cq_source_name\" added with type \"utf8\"\n  - Column \"_cq_sync_time\" added with type \"timestamp[us, tz=UTC]\"\n  - Column \"id\" added with type \"uuid\" and primary key constraint\n  - Not null constraint removed from column \"name\"\n  - Not null constraint removed from column \"namespace\"\n  - Not null constraint removed from column \"status\"\n  - Primary key column \"context_name\" removed\n  - Primary key column \"uid\" removed\n  - Type changed from \"timestamp[us, tz=UTC]\" to \"utf8\" for column \"created_at\"\n\nk8s_services:\n  - Column \"_cq_source_name\" added with type \"utf8\"\n  - Column \"_cq_sync_time\" added with type \"timestamp[us, tz=UTC]\"\n  - Column \"id\" added with type \"uuid\" and primary key constraint\n  - Not null constraint removed from column \"cluster_ip\"\n  - Not null constraint removed from column \"name\"\n  - Not null constraint removed from column \"namespace\"\n  - Not null constraint removed from column \"type\"\n  - Primary key column \"context_name\" removed\n  - Primary key column \"uid\" removed\n  - Type changed from \"timestamp[us, tz=UTC]\" to \"utf8\" for column \"created_at\"" invocation_id=dc3521d7-ec4a-48eb-b268-2534abf0d331 module=cli
2026-02-10T10:03:20Z INF CloudQuery CLI invocation_id=8354e9de-3ed0-402a-b02d-5e9190d8d1fa module=cli version=6.34.0
2026-02-10T10:03:20Z INF Loading spec(s) args=["cloudquery_sync.yml","cloudquery_destination.yml"] invocation_id=8354e9de-3ed0-402a-b02d-5e9190d8d1fa module=cli
2026-02-10T10:03:20Z ERR exiting with error error="failed to load spec(s) from cloudquery_sync.yml, cloudquery_destination.yml. Error: failed to unmarshal file cloudquery_sync.yml: failed to decode spec: json: unknown field \"migrate_mode\"" invocation_id=8354e9de-3ed0-402a-b02d-5e9190d8d1fa module=cli
2026-02-10T10:03:56Z INF CloudQuery CLI invocation_id=ac2deb77-ab2c-440c-b043-2b3ac06de967 module=cli version=6.34.0
2026-02-10T10:03:56Z INF Loading spec(s) args=["cloudquery_sync.yml","cloudquery_destination.yml"] invocation_id=ac2deb77-ab2c-440c-b043-2b3ac06de967 module=cli
2026-02-10T10:03:58Z INF Plugin server listening address=/var/folders/l8/f83v5flx0fv_q88_v0lfxcxr0000gq/T/cq-MwEUlGrIJdWXcwbF.sock module=k8s-custom- plugin=//k8s-custom@0.0.1
2026-02-10T10:03:59Z INF Plugin server listening address=/var/folders/l8/f83v5flx0fv_q88_v0lfxcxr0000gq/T/cq-LDepPiPAuUzuvjmQ.sock module=postgresql-destination plugin=cloudquery/destination/postgresql@v8.14.0
2026-02-10T10:04:00Z INF started call grpc.component=server grpc.method=GetVersions grpc.method_type=unary grpc.service=cloudquery.discovery.v1.Discovery grpc.start_time=2026-02-10T15:34:00+05:30 grpc.time_ms=1.834 module=k8s-custom- peer.address= protocol=grpc
2026-02-10T10:04:00Z INF finished call grpc.code=OK grpc.component=server grpc.method=GetVersions grpc.method_type=unary grpc.service=cloudquery.discovery.v1.Discovery grpc.start_time=2026-02-10T15:34:00+05:30 grpc.time_ms=2.069 module=k8s-custom- peer.address= protocol=grpc
2026-02-10T10:04:00Z INF started call grpc.component=server grpc.method=GetVersions grpc.method_type=unary grpc.service=cloudquery.discovery.v1.Discovery grpc.start_time=2026-02-10T15:34:00+05:30 grpc.time_ms=2.065 module=postgresql-destination peer.address= protocol=grpc
2026-02-10T10:04:00Z INF finished call grpc.code=OK grpc.component=server grpc.method=GetVersions grpc.method_type=unary grpc.service=cloudquery.discovery.v1.Discovery grpc.start_time=2026-02-10T15:34:00+05:30 grpc.time_ms=2.1 module=postgresql-destination peer.address= protocol=grpc
2026-02-10T10:04:01Z INF Start sync destinations=["postgres (cloudquery/postgresql@v8.14.0)"] invocation_id=ac2deb77-ab2c-440c-b043-2b3ac06de967 module=cli source="k8s-custom (local@./bin/plugin)" sync_time=2026-02-10T10:04:01Z transformers=[]
2026-02-10T10:04:01Z INF started call grpc.component=server grpc.method=Init grpc.method_type=unary grpc.service=cloudquery.plugin.v3.Plugin grpc.start_time=2026-02-10T15:34:01+05:30 grpc.time_ms=0.016 module=postgresql-destination peer.address= protocol=grpc
2026-02-10T10:04:01Z INF Initializing postgresql destination invocation_id=ac2deb77-ab2c-440c-b043-2b3ac06de967 module=pg-dest pgx_log_level=error
2026-02-10T10:04:01Z INF finished call grpc.code=OK grpc.component=server grpc.method=Init grpc.method_type=unary grpc.service=cloudquery.plugin.v3.Plugin grpc.start_time=2026-02-10T15:34:01+05:30 grpc.time_ms=35.925 module=postgresql-destination peer.address= protocol=grpc
2026-02-10T10:04:01Z INF started call grpc.component=server grpc.method=Init grpc.method_type=unary grpc.service=cloudquery.plugin.v3.Plugin grpc.start_time=2026-02-10T15:34:01+05:30 grpc.time_ms=0.01 module=k8s-custom- peer.address= protocol=grpc
2026-02-10T10:04:01Z INF finished call grpc.code=OK grpc.component=server grpc.method=Init grpc.method_type=unary grpc.service=cloudquery.plugin.v3.Plugin grpc.start_time=2026-02-10T15:34:01+05:30 grpc.time_ms=16.189 module=k8s-custom- peer.address= protocol=grpc
2026-02-10T10:04:01Z INF Start fetching resources destinations=["postgres (cloudquery/postgresql@v8.14.0)"] invocation_id=ac2deb77-ab2c-440c-b043-2b3ac06de967 module=cli source="k8s-custom (local@./bin/plugin)"
2026-02-10T10:04:01Z INF started call grpc.component=server grpc.method=Sync grpc.method_type=server_stream grpc.service=cloudquery.plugin.v3.Plugin grpc.start_time=2026-02-10T15:34:01+05:30 grpc.time_ms=0.052 module=k8s-custom- peer.address= protocol=grpc
2026-02-10T10:04:01Z INF started call grpc.component=server grpc.method=Write grpc.method_type=client_stream grpc.service=cloudquery.plugin.v3.Plugin grpc.start_time=2026-02-10T15:34:01+05:30 grpc.time_ms=5.459 module=postgresql-destination peer.address= protocol=grpc
2026-02-10T10:04:01Z INF finished call grpc.code=OK grpc.component=server grpc.method=Sync grpc.method_type=server_stream grpc.service=cloudquery.plugin.v3.Plugin grpc.start_time=2026-02-10T15:34:01+05:30 grpc.time_ms=118.178 module=k8s-custom- peer.address= protocol=grpc
2026-02-10T10:04:02Z INF Sync summary invocation_id=ac2deb77-ab2c-440c-b043-2b3ac06de967 module=cli summary={"cli_version":"6.34.0","destination_errors":0,"destination_name":"postgres","destination_path":"cloudquery/postgresql","destination_version":"v8.14.0","destination_warnings":0,"durations_per_table_ms":{"k8s_clusters":0,"k8s_custom_resources":0,"k8s_deployments":0,"k8s_namespaces":0,"k8s_pods":0,"k8s_services":0},"errors_per_table":{"k8s_clusters":0,"k8s_custom_resources":0,"k8s_deployments":0,"k8s_namespaces":0,"k8s_pods":0,"k8s_services":0},"resources":0,"resources_per_table":{"k8s_clusters":0,"k8s_custom_resources":0,"k8s_deployments":0,"k8s_namespaces":0,"k8s_pods":0,"k8s_services":0},"source_errors":0,"source_name":"k8s-custom","source_path":"./bin/plugin","source_tables":["k8s_clusters","k8s_custom_resources","k8s_deployments","k8s_namespaces","k8s_pods","k8s_services"],"source_version":"","source_warnings":0,"sync_duration_ms":1058,"sync_id":"ac2deb77-ab2c-440c-b043-2b3ac06de967","sync_time":"2026-02-10T10:04:01.0878Z"}
2026-02-10T10:04:02Z INF Migrating table invocation_id=ac2deb77-ab2c-440c-b043-2b3ac06de967 module=pg-dest table=k8s_clusters
2026-02-10T10:04:02Z INF Table exists, force migration required invocation_id=ac2deb77-ab2c-440c-b043-2b3ac06de967 module=pg-dest table=k8s_clusters
2026-02-10T10:04:02Z INF Dropping table invocation_id=ac2deb77-ab2c-440c-b043-2b3ac06de967 module=pg-dest table=k8s_clusters
2026-02-10T10:04:02Z INF Migrating table invocation_id=ac2deb77-ab2c-440c-b043-2b3ac06de967 module=pg-dest table=k8s_namespaces
2026-02-10T10:04:02Z INF Table exists, force migration required invocation_id=ac2deb77-ab2c-440c-b043-2b3ac06de967 module=pg-dest table=k8s_namespaces
2026-02-10T10:04:02Z INF Dropping table invocation_id=ac2deb77-ab2c-440c-b043-2b3ac06de967 module=pg-dest table=k8s_namespaces
2026-02-10T10:04:02Z INF Migrating table invocation_id=ac2deb77-ab2c-440c-b043-2b3ac06de967 module=pg-dest table=k8s_pods
2026-02-10T10:04:02Z INF Table exists, force migration required invocation_id=ac2deb77-ab2c-440c-b043-2b3ac06de967 module=pg-dest table=k8s_pods
2026-02-10T10:04:02Z INF Dropping table invocation_id=ac2deb77-ab2c-440c-b043-2b3ac06de967 module=pg-dest table=k8s_pods
2026-02-10T10:04:02Z INF Migrating table invocation_id=ac2deb77-ab2c-440c-b043-2b3ac06de967 module=pg-dest table=k8s_deployments
2026-02-10T10:04:02Z INF Table exists, force migration required invocation_id=ac2deb77-ab2c-440c-b043-2b3ac06de967 module=pg-dest table=k8s_deployments
2026-02-10T10:04:02Z INF Dropping table invocation_id=ac2deb77-ab2c-440c-b043-2b3ac06de967 module=pg-dest table=k8s_deployments
2026-02-10T10:04:02Z INF Migrating table invocation_id=ac2deb77-ab2c-440c-b043-2b3ac06de967 module=pg-dest table=k8s_services
2026-02-10T10:04:02Z INF Table exists, force migration required invocation_id=ac2deb77-ab2c-440c-b043-2b3ac06de967 module=pg-dest table=k8s_services
2026-02-10T10:04:02Z INF Dropping table invocation_id=ac2deb77-ab2c-440c-b043-2b3ac06de967 module=pg-dest table=k8s_services
2026-02-10T10:04:02Z INF Migrating table invocation_id=ac2deb77-ab2c-440c-b043-2b3ac06de967 module=pg-dest table=k8s_custom_resources
2026-02-10T10:04:02Z INF finished call grpc.code=OK grpc.component=server grpc.method=Write grpc.method_type=client_stream grpc.service=cloudquery.plugin.v3.Plugin grpc.start_time=2026-02-10T15:34:01+05:30 grpc.time_ms=1067.244 module=postgresql-destination peer.address= protocol=grpc
2026-02-10T10:04:02Z INF started call grpc.component=server grpc.method=Close grpc.method_type=unary grpc.service=cloudquery.plugin.v3.Plugin grpc.start_time=2026-02-10T15:34:02+05:30 grpc.time_ms=0.006 module=postgresql-destination peer.address= protocol=grpc
2026-02-10T10:04:02Z INF finished call grpc.code=OK grpc.component=server grpc.method=Close grpc.method_type=unary grpc.service=cloudquery.plugin.v3.Plugin grpc.start_time=2026-02-10T15:34:02+05:30 grpc.time_ms=0.074 module=postgresql-destination peer.address= protocol=grpc
2026-02-10T10:04:02Z INF Sync summary duration=1s errors=0 invocation_id=ac2deb77-ab2c-440c-b043-2b3ac06de967 module=cli resources=0 result="Sync completed successfully" warnings=0
2026-02-10T10:04:02Z INF End sync destinations=["postgres (cloudquery/postgresql@v8.14.0)"] invocation_id=ac2deb77-ab2c-440c-b043-2b3ac06de967 module=cli source="k8s-custom (local@./bin/plugin)" sync_time=2026-02-10T10:04:01Z transformers=[]
2026-02-10T10:04:02Z INF Sending sync summary to analyticsv1.cloudquery.io:443 invocation_id=ac2deb77-ab2c-440c-b043-2b3ac06de967 module=cli
2026-02-10T10:04:02Z INF waiting for destination plugin to terminate invocation_id=ac2deb77-ab2c-440c-b043-2b3ac06de967 module=cli
2026-02-10T10:04:02Z INF Got stop signal. Plugin server shutting down address=/var/folders/l8/f83v5flx0fv_q88_v0lfxcxr0000gq/T/cq-LDepPiPAuUzuvjmQ.sock module=postgresql-destination signal=interrupt
2026-02-10T10:04:02Z INF waiting for source plugin to terminate invocation_id=ac2deb77-ab2c-440c-b043-2b3ac06de967 module=cli
2026-02-10T10:04:02Z INF Got stop signal. Plugin server shutting down address=/var/folders/l8/f83v5flx0fv_q88_v0lfxcxr0000gq/T/cq-MwEUlGrIJdWXcwbF.sock module=k8s-custom- signal=interrupt
2026-02-10T10:22:26Z INF CloudQuery CLI invocation_id=2a87fd47-6cc8-4acb-a3fa-f571f930c4d1 module=cli version=6.34.0
2026-02-10T10:22:26Z INF Loading spec(s) args=["cloudquery_sync.yml","cloudquery_destination.yml"] invocation_id=2a87fd47-6cc8-4acb-a3fa-f571f930c4d1 module=cli
2026-02-10T10:22:29Z INF Plugin server listening address=/var/folders/l8/f83v5flx0fv_q88_v0lfxcxr0000gq/T/cq-gFAEufwmcwAIttwY.sock module=k8s-custom- plugin=//k8s-custom@0.0.1
2026-02-10T10:22:31Z INF Plugin server listening address=/var/folders/l8/f83v5flx0fv_q88_v0lfxcxr0000gq/T/cq-axSpUJCbkFsyOXzH.sock module=postgresql-destination plugin=cloudquery/destination/postgresql@v8.14.0
2026-02-10T10:22:32Z INF started call grpc.component=server grpc.method=GetVersions grpc.method_type=unary grpc.service=cloudquery.discovery.v1.Discovery grpc.start_time=2026-02-10T15:52:32+05:30 grpc.time_ms=1.632 module=k8s-custom- peer.address= protocol=grpc
2026-02-10T10:22:32Z INF finished call grpc.code=OK grpc.component=server grpc.method=GetVersions grpc.method_type=unary grpc.service=cloudquery.discovery.v1.Discovery grpc.start_time=2026-02-10T15:52:32+05:30 grpc.time_ms=1.705 module=k8s-custom- peer.address= protocol=grpc
2026-02-10T10:22:32Z INF started call grpc.component=server grpc.method=GetVersions grpc.method_type=unary grpc.service=cloudquery.discovery.v1.Discovery grpc.start_time=2026-02-10T15:52:32+05:30 grpc.time_ms=2.112 module=postgresql-destination peer.address= protocol=grpc
2026-02-10T10:22:32Z INF finished call grpc.code=OK grpc.component=server grpc.method=GetVersions grpc.method_type=unary grpc.service=cloudquery.discovery.v1.Discovery grpc.start_time=2026-02-10T15:52:32+05:30 grpc.time_ms=2.147 module=postgresql-destination peer.address= protocol=grpc
2026-02-10T10:22:33Z INF Start sync destinations=["postgres (cloudquery/postgresql@v8.14.0)"] invocation_id=2a87fd47-6cc8-4acb-a3fa-f571f930c4d1 module=cli source="k8s-custom (local@./bin/plugin)" sync_time=2026-02-10T10:22:33Z transformers=[]
2026-02-10T10:22:33Z INF started call grpc.component=server grpc.method=Init grpc.method_type=unary grpc.service=cloudquery.plugin.v3.Plugin grpc.start_time=2026-02-10T15:52:33+05:30 grpc.time_ms=0.013 module=postgresql-destination peer.address= protocol=grpc
2026-02-10T10:22:33Z INF Initializing postgresql destination invocation_id=2a87fd47-6cc8-4acb-a3fa-f571f930c4d1 module=pg-dest pgx_log_level=error
2026-02-10T10:22:33Z INF finished call grpc.code=OK grpc.component=server grpc.method=Init grpc.method_type=unary grpc.service=cloudquery.plugin.v3.Plugin grpc.start_time=2026-02-10T15:52:33+05:30 grpc.time_ms=18.236 module=postgresql-destination peer.address= protocol=grpc
2026-02-10T10:22:33Z INF started call grpc.component=server grpc.method=Init grpc.method_type=unary grpc.service=cloudquery.plugin.v3.Plugin grpc.start_time=2026-02-10T15:52:33+05:30 grpc.time_ms=0.004 module=k8s-custom- peer.address= protocol=grpc
2026-02-10T10:22:33Z INF finished call grpc.code=OK grpc.component=server grpc.method=Init grpc.method_type=unary grpc.service=cloudquery.plugin.v3.Plugin grpc.start_time=2026-02-10T15:52:33+05:30 grpc.time_ms=10.385 module=k8s-custom- peer.address= protocol=grpc
2026-02-10T10:22:33Z INF Start fetching resources destinations=["postgres (cloudquery/postgresql@v8.14.0)"] invocation_id=2a87fd47-6cc8-4acb-a3fa-f571f930c4d1 module=cli source="k8s-custom (local@./bin/plugin)"
2026-02-10T10:22:33Z INF started call grpc.component=server grpc.method=Sync grpc.method_type=server_stream grpc.service=cloudquery.plugin.v3.Plugin grpc.start_time=2026-02-10T15:52:33+05:30 grpc.time_ms=0.067 module=k8s-custom- peer.address= protocol=grpc
2026-02-10T10:22:33Z INF started call grpc.component=server grpc.method=Write grpc.method_type=client_stream grpc.service=cloudquery.plugin.v3.Plugin grpc.start_time=2026-02-10T15:52:33+05:30 grpc.time_ms=2.855 module=postgresql-destination peer.address= protocol=grpc
2026-02-10T10:22:33Z INF finished call grpc.code=OK grpc.component=server grpc.method=Sync grpc.method_type=server_stream grpc.service=cloudquery.plugin.v3.Plugin grpc.start_time=2026-02-10T15:52:33+05:30 grpc.time_ms=26.04 module=k8s-custom- peer.address= protocol=grpc
2026-02-10T10:22:34Z INF End sync destinations=["postgres (cloudquery/postgresql@v8.14.0)"] invocation_id=2a87fd47-6cc8-4acb-a3fa-f571f930c4d1 module=cli source="k8s-custom (local@./bin/plugin)" sync_time=2026-02-10T10:22:33Z transformers=[]
2026-02-10T10:22:34Z INF Sending sync summary to analyticsv1.cloudquery.io:443 invocation_id=2a87fd47-6cc8-4acb-a3fa-f571f930c4d1 module=cli
2026-02-10T10:22:34Z INF waiting for destination plugin to terminate invocation_id=2a87fd47-6cc8-4acb-a3fa-f571f930c4d1 module=cli
2026-02-10T10:22:34Z INF Got stop signal. Plugin server shutting down address=/var/folders/l8/f83v5flx0fv_q88_v0lfxcxr0000gq/T/cq-axSpUJCbkFsyOXzH.sock module=postgresql-destination signal=interrupt
2026-02-10T10:22:34Z ERR Acquire err="context canceled" invocation_id=2a87fd47-6cc8-4acb-a3fa-f571f930c4d1 module=pgx
2026-02-10T10:22:34Z ERR finished call grpc.code=Internal grpc.component=server grpc.error="rpc error: code = Internal desc = failed to receive msg: rpc error: code = Canceled desc = context canceled and write failed: failed listing postgres tables: context canceled" grpc.method=Write grpc.method_type=client_stream grpc.service=cloudquery.plugin.v3.Plugin grpc.start_time=2026-02-10T15:52:33+05:30 grpc.time_ms=1322.723 module=postgresql-destination peer.address= protocol=grpc
2026-02-10T10:22:34Z INF waiting for source plugin to terminate invocation_id=2a87fd47-6cc8-4acb-a3fa-f571f930c4d1 module=cli
2026-02-10T10:22:35Z ERR exiting with error error="failed to sync v3 source k8s-custom: unexpected error from sync client receive: rpc error: code = Unavailable desc = error reading from server: EOF" invocation_id=2a87fd47-6cc8-4acb-a3fa-f571f930c4d1 module=cli
2026-02-10T10:25:46Z INF CloudQuery CLI invocation_id=5dcf661a-fbac-4ad5-96d8-63ecb92458fa module=cli version=6.34.0
2026-02-10T10:25:46Z INF Loading spec(s) args=["cloudquery_sync.yml","cloudquery_destination.yml"] invocation_id=5dcf661a-fbac-4ad5-96d8-63ecb92458fa module=cli
2026-02-10T10:25:48Z INF Plugin server listening address=/var/folders/l8/f83v5flx0fv_q88_v0lfxcxr0000gq/T/cq-hUwVkVMPVUwIQDkY.sock module=k8s-custom- plugin=//k8s-custom@0.0.1
2026-02-10T10:25:50Z INF Plugin server listening address=/var/folders/l8/f83v5flx0fv_q88_v0lfxcxr0000gq/T/cq-bRDsNJsYIdwgnPiw.sock module=postgresql-destination plugin=cloudquery/destination/postgresql@v8.14.0
2026-02-10T10:25:51Z INF started call grpc.component=server grpc.method=GetVersions grpc.method_type=unary grpc.service=cloudquery.discovery.v1.Discovery grpc.start_time=2026-02-10T15:55:51+05:30 grpc.time_ms=2.429 module=k8s-custom- peer.address= protocol=grpc
2026-02-10T10:25:51Z INF finished call grpc.code=OK grpc.component=server grpc.method=GetVersions grpc.method_type=unary grpc.service=cloudquery.discovery.v1.Discovery grpc.start_time=2026-02-10T15:55:51+05:30 grpc.time_ms=2.525 module=k8s-custom- peer.address= protocol=grpc
2026-02-10T10:25:51Z INF started call grpc.component=server grpc.method=GetVersions grpc.method_type=unary grpc.service=cloudquery.discovery.v1.Discovery grpc.start_time=2026-02-10T15:55:51+05:30 grpc.time_ms=1.852 module=postgresql-destination peer.address= protocol=grpc
2026-02-10T10:25:51Z INF finished call grpc.code=OK grpc.component=server grpc.method=GetVersions grpc.method_type=unary grpc.service=cloudquery.discovery.v1.Discovery grpc.start_time=2026-02-10T15:55:51+05:30 grpc.time_ms=2.094 module=postgresql-destination peer.address= protocol=grpc
2026-02-10T10:25:52Z INF Start sync destinations=["postgres (cloudquery/postgresql@v8.14.0)"] invocation_id=5dcf661a-fbac-4ad5-96d8-63ecb92458fa module=cli source="k8s-custom (local@./bin/plugin)" sync_time=2026-02-10T10:25:52Z transformers=[]
2026-02-10T10:25:52Z INF started call grpc.component=server grpc.method=Init grpc.method_type=unary grpc.service=cloudquery.plugin.v3.Plugin grpc.start_time=2026-02-10T15:55:52+05:30 grpc.time_ms=0.03 module=postgresql-destination peer.address= protocol=grpc
2026-02-10T10:25:52Z INF Initializing postgresql destination invocation_id=5dcf661a-fbac-4ad5-96d8-63ecb92458fa module=pg-dest pgx_log_level=error
2026-02-10T10:25:52Z INF finished call grpc.code=OK grpc.component=server grpc.method=Init grpc.method_type=unary grpc.service=cloudquery.plugin.v3.Plugin grpc.start_time=2026-02-10T15:55:52+05:30 grpc.time_ms=32.54 module=postgresql-destination peer.address= protocol=grpc
2026-02-10T10:25:52Z INF started call grpc.component=server grpc.method=Init grpc.method_type=unary grpc.service=cloudquery.plugin.v3.Plugin grpc.start_time=2026-02-10T15:55:52+05:30 grpc.time_ms=0.008 module=k8s-custom- peer.address= protocol=grpc
2026-02-10T10:25:52Z INF finished call grpc.code=OK grpc.component=server grpc.method=Init grpc.method_type=unary grpc.service=cloudquery.plugin.v3.Plugin grpc.start_time=2026-02-10T15:55:52+05:30 grpc.time_ms=15.921 module=k8s-custom- peer.address= protocol=grpc
2026-02-10T10:25:52Z INF Start fetching resources destinations=["postgres (cloudquery/postgresql@v8.14.0)"] invocation_id=5dcf661a-fbac-4ad5-96d8-63ecb92458fa module=cli source="k8s-custom (local@./bin/plugin)"
2026-02-10T10:25:52Z INF started call grpc.component=server grpc.method=Sync grpc.method_type=server_stream grpc.service=cloudquery.plugin.v3.Plugin grpc.start_time=2026-02-10T15:55:52+05:30 grpc.time_ms=0.137 module=k8s-custom- peer.address= protocol=grpc
2026-02-10T10:25:52Z INF started call grpc.component=server grpc.method=Write grpc.method_type=client_stream grpc.service=cloudquery.plugin.v3.Plugin grpc.start_time=2026-02-10T15:55:52+05:30 grpc.time_ms=3.823 module=postgresql-destination peer.address= protocol=grpc
2026-02-10T10:25:52Z INF finished call grpc.code=OK grpc.component=server grpc.method=Sync grpc.method_type=server_stream grpc.service=cloudquery.plugin.v3.Plugin grpc.start_time=2026-02-10T15:55:52+05:30 grpc.time_ms=32.715 module=k8s-custom- peer.address= protocol=grpc
2026-02-10T10:25:52Z INF Migrating table invocation_id=5dcf661a-fbac-4ad5-96d8-63ecb92458fa module=pg-dest table=k8s_deployments
2026-02-10T10:25:52Z INF Table exists, auto-migrating invocation_id=5dcf661a-fbac-4ad5-96d8-63ecb92458fa module=pg-dest table=k8s_deployments
2026-02-10T10:25:52Z INF Migrating table invocation_id=5dcf661a-fbac-4ad5-96d8-63ecb92458fa module=pg-dest table=k8s_services
2026-02-10T10:25:52Z INF Table exists, auto-migrating invocation_id=5dcf661a-fbac-4ad5-96d8-63ecb92458fa module=pg-dest table=k8s_services
2026-02-10T10:25:52Z INF Migrating table invocation_id=5dcf661a-fbac-4ad5-96d8-63ecb92458fa module=pg-dest table=k8s_custom_resources
2026-02-10T10:25:52Z INF Table exists, auto-migrating invocation_id=5dcf661a-fbac-4ad5-96d8-63ecb92458fa module=pg-dest table=k8s_custom_resources
2026-02-10T10:25:52Z INF Migrating table invocation_id=5dcf661a-fbac-4ad5-96d8-63ecb92458fa module=pg-dest table=k8s_clusters
2026-02-10T10:25:52Z INF Table exists, auto-migrating invocation_id=5dcf661a-fbac-4ad5-96d8-63ecb92458fa module=pg-dest table=k8s_clusters
2026-02-10T10:25:52Z INF Migrating table invocation_id=5dcf661a-fbac-4ad5-96d8-63ecb92458fa module=pg-dest table=k8s_namespaces
2026-02-10T10:25:52Z INF Table exists, auto-migrating invocation_id=5dcf661a-fbac-4ad5-96d8-63ecb92458fa module=pg-dest table=k8s_namespaces
2026-02-10T10:25:52Z INF Migrating table invocation_id=5dcf661a-fbac-4ad5-96d8-63ecb92458fa module=pg-dest table=k8s_pods
2026-02-10T10:25:52Z INF Table exists, auto-migrating invocation_id=5dcf661a-fbac-4ad5-96d8-63ecb92458fa module=pg-dest table=k8s_pods
2026-02-10T10:25:53Z INF End sync destinations=["postgres (cloudquery/postgresql@v8.14.0)"] invocation_id=5dcf661a-fbac-4ad5-96d8-63ecb92458fa module=cli source="k8s-custom (local@./bin/plugin)" sync_time=2026-02-10T10:25:52Z transformers=[]
2026-02-10T10:25:53Z INF Sending sync summary to analyticsv1.cloudquery.io:443 invocation_id=5dcf661a-fbac-4ad5-96d8-63ecb92458fa module=cli
2026-02-10T10:25:53Z INF waiting for destination plugin to terminate invocation_id=5dcf661a-fbac-4ad5-96d8-63ecb92458fa module=cli
2026-02-10T10:25:53Z INF Got stop signal. Plugin server shutting down address=/var/folders/l8/f83v5flx0fv_q88_v0lfxcxr0000gq/T/cq-bRDsNJsYIdwgnPiw.sock module=postgresql-destination signal=interrupt
2026-02-10T10:25:53Z ERR Acquire err="context canceled" invocation_id=5dcf661a-fbac-4ad5-96d8-63ecb92458fa module=pgx
2026-02-10T10:25:53Z ERR failed to write batch error="failed to execute batch: context canceled" duration=1.667084 invocation_id=5dcf661a-fbac-4ad5-96d8-63ecb92458fa len=4 module=pg-dest
2026-02-10T10:25:53Z ERR finished call grpc.code=Internal grpc.component=server grpc.error="rpc error: code = Internal desc = failed to receive msg: rpc error: code = Canceled desc = context canceled and write failed: failed to execute batch: context canceled" grpc.method=Write grpc.method_type=client_stream grpc.service=cloudquery.plugin.v3.Plugin grpc.start_time=2026-02-10T15:55:52+05:30 grpc.time_ms=1359.982 module=postgresql-destination peer.address= protocol=grpc
2026-02-10T10:25:53Z INF waiting for source plugin to terminate invocation_id=5dcf661a-fbac-4ad5-96d8-63ecb92458fa module=cli
2026-02-10T10:25:54Z ERR exiting with error error="failed to sync v3 source k8s-custom: unexpected error from sync client receive: rpc error: code = Unavailable desc = error reading from server: EOF" invocation_id=5dcf661a-fbac-4ad5-96d8-63ecb92458fa module=cli
2026-02-10T10:26:52Z INF CloudQuery CLI invocation_id=96abe7c3-3e11-436f-b956-3e3c66ac6886 module=cli version=6.34.0
2026-02-10T10:26:52Z INF Loading spec(s) args=["cloudquery_sync.yml","cloudquery_destination.yml"] invocation_id=96abe7c3-3e11-436f-b956-3e3c66ac6886 module=cli
2026-02-10T10:26:55Z INF Plugin server listening address=/var/folders/l8/f83v5flx0fv_q88_v0lfxcxr0000gq/T/cq-aicpNvcomQCYMUSW.sock module=k8s-custom- plugin=//k8s-custom@0.0.1
2026-02-10T10:26:57Z INF Plugin server listening address=/var/folders/l8/f83v5flx0fv_q88_v0lfxcxr0000gq/T/cq-WuonqzCiBgTEtswe.sock module=postgresql-destination plugin=cloudquery/destination/postgresql@v8.14.0
2026-02-10T10:26:58Z INF started call grpc.component=server grpc.method=GetVersions grpc.method_type=unary grpc.service=cloudquery.discovery.v1.Discovery grpc.start_time=2026-02-10T15:56:58+05:30 grpc.time_ms=2.432 module=k8s-custom- peer.address= protocol=grpc
2026-02-10T10:26:58Z INF finished call grpc.code=OK grpc.component=server grpc.method=GetVersions grpc.method_type=unary grpc.service=cloudquery.discovery.v1.Discovery grpc.start_time=2026-02-10T15:56:58+05:30 grpc.time_ms=2.501 module=k8s-custom- peer.address= protocol=grpc
2026-02-10T10:26:58Z INF started call grpc.component=server grpc.method=GetVersions grpc.method_type=unary grpc.service=cloudquery.discovery.v1.Discovery grpc.start_time=2026-02-10T15:56:58+05:30 grpc.time_ms=2.239 module=postgresql-destination peer.address= protocol=grpc
2026-02-10T10:26:58Z INF finished call grpc.code=OK grpc.component=server grpc.method=GetVersions grpc.method_type=unary grpc.service=cloudquery.discovery.v1.Discovery grpc.start_time=2026-02-10T15:56:58+05:30 grpc.time_ms=2.298 module=postgresql-destination peer.address= protocol=grpc
2026-02-10T10:26:58Z INF Start sync destinations=["postgres (cloudquery/postgresql@v8.14.0)"] invocation_id=96abe7c3-3e11-436f-b956-3e3c66ac6886 module=cli source="k8s-custom (local@./bin/plugin)" sync_time=2026-02-10T10:26:58Z transformers=[]
2026-02-10T10:26:58Z INF started call grpc.component=server grpc.method=Init grpc.method_type=unary grpc.service=cloudquery.plugin.v3.Plugin grpc.start_time=2026-02-10T15:56:58+05:30 grpc.time_ms=0.013 module=postgresql-destination peer.address= protocol=grpc
2026-02-10T10:26:58Z INF Initializing postgresql destination invocation_id=96abe7c3-3e11-436f-b956-3e3c66ac6886 module=pg-dest pgx_log_level=error
2026-02-10T10:26:58Z INF finished call grpc.code=OK grpc.component=server grpc.method=Init grpc.method_type=unary grpc.service=cloudquery.plugin.v3.Plugin grpc.start_time=2026-02-10T15:56:58+05:30 grpc.time_ms=31.656 module=postgresql-destination peer.address= protocol=grpc
2026-02-10T10:26:58Z INF started call grpc.component=server grpc.method=Init grpc.method_type=unary grpc.service=cloudquery.plugin.v3.Plugin grpc.start_time=2026-02-10T15:56:58+05:30 grpc.time_ms=0.005 module=k8s-custom- peer.address= protocol=grpc
2026-02-10T10:26:58Z INF finished call grpc.code=OK grpc.component=server grpc.method=Init grpc.method_type=unary grpc.service=cloudquery.plugin.v3.Plugin grpc.start_time=2026-02-10T15:56:58+05:30 grpc.time_ms=10.411 module=k8s-custom- peer.address= protocol=grpc
2026-02-10T10:26:58Z INF Start fetching resources destinations=["postgres (cloudquery/postgresql@v8.14.0)"] invocation_id=96abe7c3-3e11-436f-b956-3e3c66ac6886 module=cli source="k8s-custom (local@./bin/plugin)"
2026-02-10T10:26:58Z INF started call grpc.component=server grpc.method=Sync grpc.method_type=server_stream grpc.service=cloudquery.plugin.v3.Plugin grpc.start_time=2026-02-10T15:56:58+05:30 grpc.time_ms=0.103 module=k8s-custom- peer.address= protocol=grpc
2026-02-10T10:26:58Z INF started call grpc.component=server grpc.method=Write grpc.method_type=client_stream grpc.service=cloudquery.plugin.v3.Plugin grpc.start_time=2026-02-10T15:56:58+05:30 grpc.time_ms=3.563 module=postgresql-destination peer.address= protocol=grpc
2026-02-10T10:26:58Z INF finished call grpc.code=OK grpc.component=server grpc.method=Sync grpc.method_type=server_stream grpc.service=cloudquery.plugin.v3.Plugin grpc.start_time=2026-02-10T15:56:58+05:30 grpc.time_ms=31.921 module=k8s-custom- peer.address= protocol=grpc
2026-02-10T10:26:58Z INF Migrating table invocation_id=96abe7c3-3e11-436f-b956-3e3c66ac6886 module=pg-dest table=k8s_custom_resources
2026-02-10T10:26:58Z INF Table exists, force migration required invocation_id=96abe7c3-3e11-436f-b956-3e3c66ac6886 module=pg-dest table=k8s_custom_resources
2026-02-10T10:26:58Z INF Dropping table invocation_id=96abe7c3-3e11-436f-b956-3e3c66ac6886 module=pg-dest table=k8s_custom_resources
2026-02-10T10:26:59Z INF Migrating table invocation_id=96abe7c3-3e11-436f-b956-3e3c66ac6886 module=pg-dest table=k8s_clusters
2026-02-10T10:26:59Z INF Table exists, force migration required invocation_id=96abe7c3-3e11-436f-b956-3e3c66ac6886 module=pg-dest table=k8s_clusters
2026-02-10T10:26:59Z INF Dropping table invocation_id=96abe7c3-3e11-436f-b956-3e3c66ac6886 module=pg-dest table=k8s_clusters
2026-02-10T10:26:59Z INF Migrating table invocation_id=96abe7c3-3e11-436f-b956-3e3c66ac6886 module=pg-dest table=k8s_namespaces
2026-02-10T10:26:59Z INF Table exists, auto-migrating invocation_id=96abe7c3-3e11-436f-b956-3e3c66ac6886 module=pg-dest table=k8s_namespaces
2026-02-10T10:26:59Z INF Migrating table invocation_id=96abe7c3-3e11-436f-b956-3e3c66ac6886 module=pg-dest table=k8s_pods
2026-02-10T10:26:59Z INF Table exists, force migration required invocation_id=96abe7c3-3e11-436f-b956-3e3c66ac6886 module=pg-dest table=k8s_pods
2026-02-10T10:26:59Z INF Dropping table invocation_id=96abe7c3-3e11-436f-b956-3e3c66ac6886 module=pg-dest table=k8s_pods
2026-02-10T10:26:59Z INF Migrating table invocation_id=96abe7c3-3e11-436f-b956-3e3c66ac6886 module=pg-dest table=k8s_deployments
2026-02-10T10:26:59Z INF Table exists, force migration required invocation_id=96abe7c3-3e11-436f-b956-3e3c66ac6886 module=pg-dest table=k8s_deployments
2026-02-10T10:26:59Z INF Dropping table invocation_id=96abe7c3-3e11-436f-b956-3e3c66ac6886 module=pg-dest table=k8s_deployments
2026-02-10T10:26:59Z INF Migrating table invocation_id=96abe7c3-3e11-436f-b956-3e3c66ac6886 module=pg-dest table=k8s_services
2026-02-10T10:26:59Z INF Table exists, force migration required invocation_id=96abe7c3-3e11-436f-b956-3e3c66ac6886 module=pg-dest table=k8s_services
2026-02-10T10:26:59Z INF Dropping table invocation_id=96abe7c3-3e11-436f-b956-3e3c66ac6886 module=pg-dest table=k8s_services
2026-02-10T10:26:59Z INF End sync destinations=["postgres (cloudquery/postgresql@v8.14.0)"] invocation_id=96abe7c3-3e11-436f-b956-3e3c66ac6886 module=cli source="k8s-custom (local@./bin/plugin)" sync_time=2026-02-10T10:26:58Z transformers=[]
2026-02-10T10:26:59Z INF Sending sync summary to analyticsv1.cloudquery.io:443 invocation_id=96abe7c3-3e11-436f-b956-3e3c66ac6886 module=cli
2026-02-10T10:27:00Z INF waiting for destination plugin to terminate invocation_id=96abe7c3-3e11-436f-b956-3e3c66ac6886 module=cli
2026-02-10T10:27:00Z ERR Acquire err="context canceled" invocation_id=96abe7c3-3e11-436f-b956-3e3c66ac6886 module=pgx
2026-02-10T10:27:00Z ERR failed to write batch error="failed to execute batch: context canceled" duration=0.598792 invocation_id=96abe7c3-3e11-436f-b956-3e3c66ac6886 len=15 module=pg-dest
2026-02-10T10:27:00Z INF Got stop signal. Plugin server shutting down address=/var/folders/l8/f83v5flx0fv_q88_v0lfxcxr0000gq/T/cq-WuonqzCiBgTEtswe.sock module=postgresql-destination signal=interrupt
2026-02-10T10:27:00Z ERR finished call grpc.code=Internal grpc.component=server grpc.error="rpc error: code = Internal desc = failed to receive msg: rpc error: code = Canceled desc = context canceled and write failed: failed to execute batch: context canceled" grpc.method=Write grpc.method_type=client_stream grpc.service=cloudquery.plugin.v3.Plugin grpc.start_time=2026-02-10T15:56:58+05:30 grpc.time_ms=1385.332 module=postgresql-destination peer.address= protocol=grpc
2026-02-10T10:27:00Z INF waiting for source plugin to terminate invocation_id=96abe7c3-3e11-436f-b956-3e3c66ac6886 module=cli
2026-02-10T10:27:01Z ERR exiting with error error="failed to sync v3 source k8s-custom: unexpected error from sync client receive: rpc error: code = Unavailable desc = error reading from server: EOF" invocation_id=96abe7c3-3e11-436f-b956-3e3c66ac6886 module=cli
2026-02-10T10:27:27Z INF CloudQuery CLI invocation_id=70a246c6-b24f-4907-b02c-d4ae940246ec module=cli version=6.34.0
2026-02-10T10:27:27Z INF Loading spec(s) args=["cloudquery_sync.yml","cloudquery_destination.yml"] invocation_id=70a246c6-b24f-4907-b02c-d4ae940246ec module=cli
2026-02-10T10:27:29Z INF Plugin server listening address=/var/folders/l8/f83v5flx0fv_q88_v0lfxcxr0000gq/T/cq-HfLkFOpHETXIjMwl.sock module=k8s-custom- plugin=//k8s-custom@0.0.1
2026-02-10T10:27:31Z INF Plugin server listening address=/var/folders/l8/f83v5flx0fv_q88_v0lfxcxr0000gq/T/cq-YyKsxCnOfBhwRVFj.sock module=postgresql-destination plugin=cloudquery/destination/postgresql@v8.14.0
2026-02-10T10:27:32Z INF started call grpc.component=server grpc.method=GetVersions grpc.method_type=unary grpc.service=cloudquery.discovery.v1.Discovery grpc.start_time=2026-02-10T15:57:32+05:30 grpc.time_ms=2.823 module=k8s-custom- peer.address= protocol=grpc
2026-02-10T10:27:32Z INF finished call grpc.code=OK grpc.component=server grpc.method=GetVersions grpc.method_type=unary grpc.service=cloudquery.discovery.v1.Discovery grpc.start_time=2026-02-10T15:57:32+05:30 grpc.time_ms=2.878 module=k8s-custom- peer.address= protocol=grpc
2026-02-10T10:27:32Z INF started call grpc.component=server grpc.method=GetVersions grpc.method_type=unary grpc.service=cloudquery.discovery.v1.Discovery grpc.start_time=2026-02-10T15:57:32+05:30 grpc.time_ms=2.237 module=postgresql-destination peer.address= protocol=grpc
2026-02-10T10:27:32Z INF finished call grpc.code=OK grpc.component=server grpc.method=GetVersions grpc.method_type=unary grpc.service=cloudquery.discovery.v1.Discovery grpc.start_time=2026-02-10T15:57:32+05:30 grpc.time_ms=2.468 module=postgresql-destination peer.address= protocol=grpc
2026-02-10T10:27:34Z INF Start sync destinations=["postgres (cloudquery/postgresql@v8.14.0)"] invocation_id=70a246c6-b24f-4907-b02c-d4ae940246ec module=cli source="k8s-custom (local@./bin/plugin)" sync_time=2026-02-10T10:27:34Z transformers=[]
2026-02-10T10:27:34Z INF started call grpc.component=server grpc.method=Init grpc.method_type=unary grpc.service=cloudquery.plugin.v3.Plugin grpc.start_time=2026-02-10T15:57:34+05:30 grpc.time_ms=0.038 module=postgresql-destination peer.address= protocol=grpc
2026-02-10T10:27:34Z INF Initializing postgresql destination invocation_id=70a246c6-b24f-4907-b02c-d4ae940246ec module=pg-dest pgx_log_level=error
2026-02-10T10:27:34Z INF finished call grpc.code=OK grpc.component=server grpc.method=Init grpc.method_type=unary grpc.service=cloudquery.plugin.v3.Plugin grpc.start_time=2026-02-10T15:57:34+05:30 grpc.time_ms=23.83 module=postgresql-destination peer.address= protocol=grpc
2026-02-10T10:27:34Z INF started call grpc.component=server grpc.method=Init grpc.method_type=unary grpc.service=cloudquery.plugin.v3.Plugin grpc.start_time=2026-02-10T15:57:34+05:30 grpc.time_ms=0.013 module=k8s-custom- peer.address= protocol=grpc
2026-02-10T10:27:34Z INF finished call grpc.code=OK grpc.component=server grpc.method=Init grpc.method_type=unary grpc.service=cloudquery.plugin.v3.Plugin grpc.start_time=2026-02-10T15:57:34+05:30 grpc.time_ms=12.763 module=k8s-custom- peer.address= protocol=grpc
2026-02-10T10:27:34Z INF Start fetching resources destinations=["postgres (cloudquery/postgresql@v8.14.0)"] invocation_id=70a246c6-b24f-4907-b02c-d4ae940246ec module=cli source="k8s-custom (local@./bin/plugin)"
2026-02-10T10:27:34Z INF started call grpc.component=server grpc.method=Sync grpc.method_type=server_stream grpc.service=cloudquery.plugin.v3.Plugin grpc.start_time=2026-02-10T15:57:34+05:30 grpc.time_ms=0.289 module=k8s-custom- peer.address= protocol=grpc
2026-02-10T10:27:34Z INF started call grpc.component=server grpc.method=Write grpc.method_type=client_stream grpc.service=cloudquery.plugin.v3.Plugin grpc.start_time=2026-02-10T15:57:34+05:30 grpc.time_ms=3.325 module=postgresql-destination peer.address= protocol=grpc
2026-02-10T10:27:34Z INF Migrating table invocation_id=70a246c6-b24f-4907-b02c-d4ae940246ec module=pg-dest table=k8s_clusters
2026-02-10T10:27:34Z INF Table exists, auto-migrating invocation_id=70a246c6-b24f-4907-b02c-d4ae940246ec module=pg-dest table=k8s_clusters
2026-02-10T10:27:34Z INF Migrating table invocation_id=70a246c6-b24f-4907-b02c-d4ae940246ec module=pg-dest table=k8s_namespaces
2026-02-10T10:27:34Z INF Table exists, auto-migrating invocation_id=70a246c6-b24f-4907-b02c-d4ae940246ec module=pg-dest table=k8s_namespaces
2026-02-10T10:27:34Z INF Migrating table invocation_id=70a246c6-b24f-4907-b02c-d4ae940246ec module=pg-dest table=k8s_pods
2026-02-10T10:27:34Z INF Table exists, auto-migrating invocation_id=70a246c6-b24f-4907-b02c-d4ae940246ec module=pg-dest table=k8s_pods
2026-02-10T10:27:34Z INF Migrating table invocation_id=70a246c6-b24f-4907-b02c-d4ae940246ec module=pg-dest table=k8s_deployments
2026-02-10T10:27:34Z INF Table exists, force migration required invocation_id=70a246c6-b24f-4907-b02c-d4ae940246ec module=pg-dest table=k8s_deployments
2026-02-10T10:27:34Z INF Dropping table invocation_id=70a246c6-b24f-4907-b02c-d4ae940246ec module=pg-dest table=k8s_deployments
2026-02-10T10:27:34Z INF Migrating table invocation_id=70a246c6-b24f-4907-b02c-d4ae940246ec module=pg-dest table=k8s_services
2026-02-10T10:27:34Z INF Table exists, auto-migrating invocation_id=70a246c6-b24f-4907-b02c-d4ae940246ec module=pg-dest table=k8s_services
2026-02-10T10:27:34Z INF Migrating table invocation_id=70a246c6-b24f-4907-b02c-d4ae940246ec module=pg-dest table=k8s_custom_resources
2026-02-10T10:27:34Z INF Table exists, auto-migrating invocation_id=70a246c6-b24f-4907-b02c-d4ae940246ec module=pg-dest table=k8s_custom_resources
2026-02-10T10:27:34Z INF finished call grpc.code=OK grpc.component=server grpc.method=Sync grpc.method_type=server_stream grpc.service=cloudquery.plugin.v3.Plugin grpc.start_time=2026-02-10T15:57:34+05:30 grpc.time_ms=71.062 module=k8s-custom- peer.address= protocol=grpc
2026-02-10T10:27:35Z INF Sync summary invocation_id=70a246c6-b24f-4907-b02c-d4ae940246ec module=cli summary={"cli_version":"6.34.0","destination_errors":0,"destination_name":"postgres","destination_path":"cloudquery/postgresql","destination_version":"v8.14.0","destination_warnings":0,"durations_per_table_ms":{"k8s_clusters":0,"k8s_custom_resources":0,"k8s_deployments":0,"k8s_namespaces":0,"k8s_pods":0,"k8s_services":0},"errors_per_table":{"k8s_clusters":0,"k8s_custom_resources":0,"k8s_deployments":0,"k8s_namespaces":0,"k8s_pods":0,"k8s_services":0},"resources":41,"resources_per_table":{"k8s_clusters":0,"k8s_custom_resources":0,"k8s_deployments":5,"k8s_namespaces":8,"k8s_pods":22,"k8s_services":6},"source_errors":0,"source_name":"k8s-custom","source_path":"./bin/plugin","source_tables":["k8s_clusters","k8s_custom_resources","k8s_deployments","k8s_namespaces","k8s_pods","k8s_services"],"source_version":"","source_warnings":0,"sync_duration_ms":1109,"sync_id":"70a246c6-b24f-4907-b02c-d4ae940246ec","sync_time":"2026-02-10T10:27:34.336185Z"}
2026-02-10T10:27:35Z INF finished call grpc.code=OK grpc.component=server grpc.method=Write grpc.method_type=client_stream grpc.service=cloudquery.plugin.v3.Plugin grpc.start_time=2026-02-10T15:57:34+05:30 grpc.time_ms=1083.165 module=postgresql-destination peer.address= protocol=grpc
2026-02-10T10:27:35Z INF started call grpc.component=server grpc.method=Close grpc.method_type=unary grpc.service=cloudquery.plugin.v3.Plugin grpc.start_time=2026-02-10T15:57:35+05:30 grpc.time_ms=0.008 module=postgresql-destination peer.address= protocol=grpc
2026-02-10T10:27:35Z INF finished call grpc.code=OK grpc.component=server grpc.method=Close grpc.method_type=unary grpc.service=cloudquery.plugin.v3.Plugin grpc.start_time=2026-02-10T15:57:35+05:30 grpc.time_ms=0.524 module=postgresql-destination peer.address= protocol=grpc
2026-02-10T10:27:35Z INF Sync summary duration=1s errors=0 invocation_id=70a246c6-b24f-4907-b02c-d4ae940246ec module=cli resources=41 result="Sync completed successfully" warnings=0
2026-02-10T10:27:35Z INF End sync destinations=["postgres (cloudquery/postgresql@v8.14.0)"] invocation_id=70a246c6-b24f-4907-b02c-d4ae940246ec module=cli source="k8s-custom (local@./bin/plugin)" sync_time=2026-02-10T10:27:34Z transformers=[]
2026-02-10T10:27:35Z INF Sending sync summary to analyticsv1.cloudquery.io:443 invocation_id=70a246c6-b24f-4907-b02c-d4ae940246ec module=cli
2026-02-10T10:27:35Z INF waiting for destination plugin to terminate invocation_id=70a246c6-b24f-4907-b02c-d4ae940246ec module=cli
2026-02-10T10:27:35Z INF Got stop signal. Plugin server shutting down address=/var/folders/l8/f83v5flx0fv_q88_v0lfxcxr0000gq/T/cq-YyKsxCnOfBhwRVFj.sock module=postgresql-destination signal=interrupt
2026-02-10T10:27:35Z INF waiting for source plugin to terminate invocation_id=70a246c6-b24f-4907-b02c-d4ae940246ec module=cli
2026-02-10T10:27:35Z INF Got stop signal. Plugin server shutting down address=/var/folders/l8/f83v5flx0fv_q88_v0lfxcxr0000gq/T/cq-HfLkFOpHETXIjMwl.sock module=k8s-custom- signal=interrupt
2026-02-10T10:28:07Z INF CloudQuery CLI invocation_id=dfca1799-8a81-4c25-a5fc-449b2925be87 module=cli version=6.34.0
2026-02-10T10:28:07Z INF Loading spec(s) args=["cloudquery_sync.yml","cloudquery_destination.yml"] invocation_id=dfca1799-8a81-4c25-a5fc-449b2925be87 module=cli
2026-02-10T10:28:08Z INF Plugin server listening address=/var/folders/l8/f83v5flx0fv_q88_v0lfxcxr0000gq/T/cq-ogEmGPaNBKVafZFp.sock module=k8s-custom- plugin=//k8s-custom@0.0.1
2026-02-10T10:28:10Z INF Plugin server listening address=/var/folders/l8/f83v5flx0fv_q88_v0lfxcxr0000gq/T/cq-XjxeBzBywkRJHxeW.sock module=postgresql-destination plugin=cloudquery/destination/postgresql@v8.14.0
2026-02-10T10:28:11Z INF started call grpc.component=server grpc.method=GetVersions grpc.method_type=unary grpc.service=cloudquery.discovery.v1.Discovery grpc.start_time=2026-02-10T15:58:11+05:30 grpc.time_ms=1.853 module=k8s-custom- peer.address= protocol=grpc
2026-02-10T10:28:11Z INF finished call grpc.code=OK grpc.component=server grpc.method=GetVersions grpc.method_type=unary grpc.service=cloudquery.discovery.v1.Discovery grpc.start_time=2026-02-10T15:58:11+05:30 grpc.time_ms=2.111 module=k8s-custom- peer.address= protocol=grpc
2026-02-10T10:28:11Z INF started call grpc.component=server grpc.method=GetVersions grpc.method_type=unary grpc.service=cloudquery.discovery.v1.Discovery grpc.start_time=2026-02-10T15:58:11+05:30 grpc.time_ms=1.694 module=postgresql-destination peer.address= protocol=grpc
2026-02-10T10:28:11Z INF finished call grpc.code=OK grpc.component=server grpc.method=GetVersions grpc.method_type=unary grpc.service=cloudquery.discovery.v1.Discovery grpc.start_time=2026-02-10T15:58:11+05:30 grpc.time_ms=1.731 module=postgresql-destination peer.address= protocol=grpc
2026-02-10T10:28:11Z INF Start sync destinations=["postgres (cloudquery/postgresql@v8.14.0)"] invocation_id=dfca1799-8a81-4c25-a5fc-449b2925be87 module=cli source="k8s-custom (local@./bin/plugin)" sync_time=2026-02-10T10:28:11Z transformers=[]
2026-02-10T10:28:11Z INF started call grpc.component=server grpc.method=Init grpc.method_type=unary grpc.service=cloudquery.plugin.v3.Plugin grpc.start_time=2026-02-10T15:58:11+05:30 grpc.time_ms=0.017 module=postgresql-destination peer.address= protocol=grpc
2026-02-10T10:28:11Z INF Initializing postgresql destination invocation_id=dfca1799-8a81-4c25-a5fc-449b2925be87 module=pg-dest pgx_log_level=error
2026-02-10T10:28:11Z INF finished call grpc.code=OK grpc.component=server grpc.method=Init grpc.method_type=unary grpc.service=cloudquery.plugin.v3.Plugin grpc.start_time=2026-02-10T15:58:11+05:30 grpc.time_ms=33.344 module=postgresql-destination peer.address= protocol=grpc
2026-02-10T10:28:11Z INF started call grpc.component=server grpc.method=Init grpc.method_type=unary grpc.service=cloudquery.plugin.v3.Plugin grpc.start_time=2026-02-10T15:58:11+05:30 grpc.time_ms=0.008 module=k8s-custom- peer.address= protocol=grpc
2026-02-10T10:28:11Z INF finished call grpc.code=OK grpc.component=server grpc.method=Init grpc.method_type=unary grpc.service=cloudquery.plugin.v3.Plugin grpc.start_time=2026-02-10T15:58:11+05:30 grpc.time_ms=14.549 module=k8s-custom- peer.address= protocol=grpc
2026-02-10T10:28:11Z INF Start fetching resources destinations=["postgres (cloudquery/postgresql@v8.14.0)"] invocation_id=dfca1799-8a81-4c25-a5fc-449b2925be87 module=cli source="k8s-custom (local@./bin/plugin)"
2026-02-10T10:28:11Z INF started call grpc.component=server grpc.method=Sync grpc.method_type=server_stream grpc.service=cloudquery.plugin.v3.Plugin grpc.start_time=2026-02-10T15:58:11+05:30 grpc.time_ms=0.197 module=k8s-custom- peer.address= protocol=grpc
2026-02-10T10:28:11Z INF started call grpc.component=server grpc.method=Write grpc.method_type=client_stream grpc.service=cloudquery.plugin.v3.Plugin grpc.start_time=2026-02-10T15:58:11+05:30 grpc.time_ms=3.177 module=postgresql-destination peer.address= protocol=grpc
2026-02-10T10:28:12Z INF End sync destinations=["postgres (cloudquery/postgresql@v8.14.0)"] invocation_id=dfca1799-8a81-4c25-a5fc-449b2925be87 module=cli source="k8s-custom (local@./bin/plugin)" sync_time=2026-02-10T10:28:11Z transformers=[]
2026-02-10T10:28:12Z INF Sending sync summary to analyticsv1.cloudquery.io:443 invocation_id=dfca1799-8a81-4c25-a5fc-449b2925be87 module=cli
2026-02-10T10:28:13Z INF waiting for destination plugin to terminate invocation_id=dfca1799-8a81-4c25-a5fc-449b2925be87 module=cli
2026-02-10T10:28:13Z INF Got stop signal. Plugin server shutting down address=/var/folders/l8/f83v5flx0fv_q88_v0lfxcxr0000gq/T/cq-XjxeBzBywkRJHxeW.sock module=postgresql-destination signal=interrupt
2026-02-10T10:28:13Z ERR Acquire err="context canceled" invocation_id=dfca1799-8a81-4c25-a5fc-449b2925be87 module=pgx
2026-02-10T10:28:13Z ERR finished call grpc.code=Internal grpc.component=server grpc.error="rpc error: code = Internal desc = failed to receive msg: rpc error: code = Canceled desc = context canceled and write failed: failed listing postgres tables: context canceled" grpc.method=Write grpc.method_type=client_stream grpc.service=cloudquery.plugin.v3.Plugin grpc.start_time=2026-02-10T15:58:11+05:30 grpc.time_ms=1324.051 module=postgresql-destination peer.address= protocol=grpc
2026-02-10T10:28:13Z INF waiting for source plugin to terminate invocation_id=dfca1799-8a81-4c25-a5fc-449b2925be87 module=cli
2026-02-10T10:28:13Z ERR exiting with error error="failed to sync v3 source k8s-custom: unexpected error from sync client receive: rpc error: code = Unavailable desc = error reading from server: EOF" invocation_id=dfca1799-8a81-4c25-a5fc-449b2925be87 module=cli
2026-02-10T10:28:41Z INF CloudQuery CLI invocation_id=70733548-d9d2-49e9-a333-83182b9b1f19 module=cli version=6.34.0
2026-02-10T10:28:41Z INF Loading spec(s) args=["cloudquery_sync.yml","cloudquery_destination.yml"] invocation_id=70733548-d9d2-49e9-a333-83182b9b1f19 module=cli
2026-02-10T10:28:43Z INF Plugin server listening address=/var/folders/l8/f83v5flx0fv_q88_v0lfxcxr0000gq/T/cq-KCZvIDnLVUPgqVnd.sock module=k8s-custom- plugin=//k8s-custom@0.0.1
2026-02-10T10:28:45Z INF Plugin server listening address=/var/folders/l8/f83v5flx0fv_q88_v0lfxcxr0000gq/T/cq-CCAkjnQgeECzQqDl.sock module=postgresql-destination plugin=cloudquery/destination/postgresql@v8.14.0
2026-02-10T10:28:46Z INF started call grpc.component=server grpc.method=GetVersions grpc.method_type=unary grpc.service=cloudquery.discovery.v1.Discovery grpc.start_time=2026-02-10T15:58:46+05:30 grpc.time_ms=2.414 module=k8s-custom- peer.address= protocol=grpc
2026-02-10T10:28:46Z INF finished call grpc.code=OK grpc.component=server grpc.method=GetVersions grpc.method_type=unary grpc.service=cloudquery.discovery.v1.Discovery grpc.start_time=2026-02-10T15:58:46+05:30 grpc.time_ms=2.48 module=k8s-custom- peer.address= protocol=grpc
2026-02-10T10:28:46Z INF started call grpc.component=server grpc.method=GetVersions grpc.method_type=unary grpc.service=cloudquery.discovery.v1.Discovery grpc.start_time=2026-02-10T15:58:46+05:30 grpc.time_ms=1.295 module=postgresql-destination peer.address= protocol=grpc
2026-02-10T10:28:46Z INF finished call grpc.code=OK grpc.component=server grpc.method=GetVersions grpc.method_type=unary grpc.service=cloudquery.discovery.v1.Discovery grpc.start_time=2026-02-10T15:58:46+05:30 grpc.time_ms=1.517 module=postgresql-destination peer.address= protocol=grpc
2026-02-10T10:28:47Z INF Start sync destinations=["postgres (cloudquery/postgresql@v8.14.0)"] invocation_id=70733548-d9d2-49e9-a333-83182b9b1f19 module=cli source="k8s-custom (local@./bin/plugin)" sync_time=2026-02-10T10:28:47Z transformers=[]
2026-02-10T10:28:47Z INF started call grpc.component=server grpc.method=Init grpc.method_type=unary grpc.service=cloudquery.plugin.v3.Plugin grpc.start_time=2026-02-10T15:58:47+05:30 grpc.time_ms=0.014 module=postgresql-destination peer.address= protocol=grpc
2026-02-10T10:28:47Z INF Initializing postgresql destination invocation_id=70733548-d9d2-49e9-a333-83182b9b1f19 module=pg-dest pgx_log_level=error
2026-02-10T10:28:47Z INF finished call grpc.code=OK grpc.component=server grpc.method=Init grpc.method_type=unary grpc.service=cloudquery.plugin.v3.Plugin grpc.start_time=2026-02-10T15:58:47+05:30 grpc.time_ms=106.676 module=postgresql-destination peer.address= protocol=grpc
2026-02-10T10:28:47Z INF started call grpc.component=server grpc.method=Init grpc.method_type=unary grpc.service=cloudquery.plugin.v3.Plugin grpc.start_time=2026-02-10T15:58:47+05:30 grpc.time_ms=0.008 module=k8s-custom- peer.address= protocol=grpc
2026-02-10T10:28:47Z INF finished call grpc.code=OK grpc.component=server grpc.method=Init grpc.method_type=unary grpc.service=cloudquery.plugin.v3.Plugin grpc.start_time=2026-02-10T15:58:47+05:30 grpc.time_ms=106.11 module=k8s-custom- peer.address= protocol=grpc
2026-02-10T10:28:47Z INF Start fetching resources destinations=["postgres (cloudquery/postgresql@v8.14.0)"] invocation_id=70733548-d9d2-49e9-a333-83182b9b1f19 module=cli source="k8s-custom (local@./bin/plugin)"
2026-02-10T10:28:47Z INF started call grpc.component=server grpc.method=Sync grpc.method_type=server_stream grpc.service=cloudquery.plugin.v3.Plugin grpc.start_time=2026-02-10T15:58:47+05:30 grpc.time_ms=0.198 module=k8s-custom- peer.address= protocol=grpc
2026-02-10T10:28:47Z INF started call grpc.component=server grpc.method=Write grpc.method_type=client_stream grpc.service=cloudquery.plugin.v3.Plugin grpc.start_time=2026-02-10T15:58:47+05:30 grpc.time_ms=8.011 module=postgresql-destination peer.address= protocol=grpc
2026-02-10T10:28:47Z INF Migrating table invocation_id=70733548-d9d2-49e9-a333-83182b9b1f19 module=pg-dest table=k8s_pods
2026-02-10T10:28:47Z INF Table exists, auto-migrating invocation_id=70733548-d9d2-49e9-a333-83182b9b1f19 module=pg-dest table=k8s_pods
2026-02-10T10:28:47Z INF Migrating table invocation_id=70733548-d9d2-49e9-a333-83182b9b1f19 module=pg-dest table=k8s_deployments
2026-02-10T10:28:47Z INF Table exists, auto-migrating invocation_id=70733548-d9d2-49e9-a333-83182b9b1f19 module=pg-dest table=k8s_deployments
2026-02-10T10:28:47Z INF Migrating table invocation_id=70733548-d9d2-49e9-a333-83182b9b1f19 module=pg-dest table=k8s_services
2026-02-10T10:28:47Z INF Table exists, auto-migrating invocation_id=70733548-d9d2-49e9-a333-83182b9b1f19 module=pg-dest table=k8s_services
2026-02-10T10:28:47Z INF Migrating table invocation_id=70733548-d9d2-49e9-a333-83182b9b1f19 module=pg-dest table=k8s_custom_resources
2026-02-10T10:28:47Z INF Table exists, auto-migrating invocation_id=70733548-d9d2-49e9-a333-83182b9b1f19 module=pg-dest table=k8s_custom_resources
2026-02-10T10:28:47Z INF Migrating table invocation_id=70733548-d9d2-49e9-a333-83182b9b1f19 module=pg-dest table=k8s_clusters
2026-02-10T10:28:47Z INF Table exists, auto-migrating invocation_id=70733548-d9d2-49e9-a333-83182b9b1f19 module=pg-dest table=k8s_clusters
2026-02-10T10:28:47Z INF Migrating table invocation_id=70733548-d9d2-49e9-a333-83182b9b1f19 module=pg-dest table=k8s_namespaces
2026-02-10T10:28:47Z INF Table exists, auto-migrating invocation_id=70733548-d9d2-49e9-a333-83182b9b1f19 module=pg-dest table=k8s_namespaces
2026-02-10T10:28:47Z INF finished call grpc.code=OK grpc.component=server grpc.method=Sync grpc.method_type=server_stream grpc.service=cloudquery.plugin.v3.Plugin grpc.start_time=2026-02-10T15:58:47+05:30 grpc.time_ms=89.294 module=k8s-custom- peer.address= protocol=grpc
2026-02-10T10:28:48Z INF Sync summary invocation_id=70733548-d9d2-49e9-a333-83182b9b1f19 module=cli summary={"cli_version":"6.34.0","destination_errors":0,"destination_name":"postgres","destination_path":"cloudquery/postgresql","destination_version":"v8.14.0","destination_warnings":0,"durations_per_table_ms":{"k8s_clusters":0,"k8s_custom_resources":0,"k8s_deployments":0,"k8s_namespaces":0,"k8s_pods":0,"k8s_services":0},"errors_per_table":{"k8s_clusters":0,"k8s_custom_resources":0,"k8s_deployments":0,"k8s_namespaces":0,"k8s_pods":0,"k8s_services":0},"resources":43,"resources_per_table":{"k8s_clusters":2,"k8s_custom_resources":0,"k8s_deployments":5,"k8s_namespaces":8,"k8s_pods":22,"k8s_services":6},"source_errors":0,"source_name":"k8s-custom","source_path":"./bin/plugin","source_tables":["k8s_clusters","k8s_custom_resources","k8s_deployments","k8s_namespaces","k8s_pods","k8s_services"],"source_version":"","source_warnings":0,"sync_duration_ms":1304,"sync_id":"70733548-d9d2-49e9-a333-83182b9b1f19","sync_time":"2026-02-10T10:28:47.541621Z"}
2026-02-10T10:28:48Z INF finished call grpc.code=OK grpc.component=server grpc.method=Write grpc.method_type=client_stream grpc.service=cloudquery.plugin.v3.Plugin grpc.start_time=2026-02-10T15:58:47+05:30 grpc.time_ms=1095.671 module=postgresql-destination peer.address= protocol=grpc
2026-02-10T10:28:48Z INF started call grpc.component=server grpc.method=Close grpc.method_type=unary grpc.service=cloudquery.plugin.v3.Plugin grpc.start_time=2026-02-10T15:58:48+05:30 grpc.time_ms=0.005 module=postgresql-destination peer.address= protocol=grpc
2026-02-10T10:28:48Z INF finished call grpc.code=OK grpc.component=server grpc.method=Close grpc.method_type=unary grpc.service=cloudquery.plugin.v3.Plugin grpc.start_time=2026-02-10T15:58:48+05:30 grpc.time_ms=0.299 module=postgresql-destination peer.address= protocol=grpc
2026-02-10T10:28:48Z INF Sync summary duration=1s errors=0 invocation_id=70733548-d9d2-49e9-a333-83182b9b1f19 module=cli resources=43 result="Sync completed successfully" warnings=0
2026-02-10T10:28:48Z INF End sync destinations=["postgres (cloudquery/postgresql@v8.14.0)"] invocation_id=70733548-d9d2-49e9-a333-83182b9b1f19 module=cli source="k8s-custom (local@./bin/plugin)" sync_time=2026-02-10T10:28:47Z transformers=[]
2026-02-10T10:28:48Z INF Sending sync summary to analyticsv1.cloudquery.io:443 invocation_id=70733548-d9d2-49e9-a333-83182b9b1f19 module=cli
2026-02-10T10:28:49Z INF waiting for destination plugin to terminate invocation_id=70733548-d9d2-49e9-a333-83182b9b1f19 module=cli
2026-02-10T10:28:49Z INF Got stop signal. Plugin server shutting down address=/var/folders/l8/f83v5flx0fv_q88_v0lfxcxr0000gq/T/cq-CCAkjnQgeECzQqDl.sock module=postgresql-destination signal=interrupt
2026-02-10T10:28:49Z INF waiting for source plugin to terminate invocation_id=70733548-d9d2-49e9-a333-83182b9b1f19 module=cli
2026-02-10T10:28:49Z INF Got stop signal. Plugin server shutting down address=/var/folders/l8/f83v5flx0fv_q88_v0lfxcxr0000gq/T/cq-KCZvIDnLVUPgqVnd.sock module=k8s-custom- signal=interrupt
